c:\src\fff\s\bin\debug\appbase.lib
c:\src\fff\s\bin\debug\appbase.exp
c:\src\fff\s\appbase\debug\vc141.pdb
c:\src\fff\s\appbase\debug\vc141.idb
c:\src\fff\s\appbase\debug\appbase.pch
c:\src\fff\s\appbase\debug\stdafx.obj
c:\src\fff\s\appbase\debug\dataloader.obj
c:\src\fff\s\appbase\debug\recordbase.obj
c:\src\fff\s\appbase\debug\dbdefine.obj
c:\src\fff\s\appbase\debug\core.obj
c:\src\fff\s\appbase\debug\dbexecuter.obj
c:\src\fff\s\appbase\debug\dbobject.obj
c:\src\fff\s\appbase\debug\dbquery.obj
c:\src\fff\s\appbase\debug\dbreturn.obj
c:\src\fff\s\appbase\debug\dbstream.obj
c:\src\fff\s\appbase\debug\dbtable.obj
c:\src\fff\s\appbase\debug\dbtabledefine.obj
c:\src\fff\s\appbase\debug\database.obj
c:\src\fff\s\appbase\debug\encrypt.obj
c:\src\fff\s\appbase\debug\environmentconfig.obj
c:\src\fff\s\appbase\debug\gate.obj
c:\src\fff\s\appbase\debug\levelbase.obj
c:\src\fff\s\appbase\debug\mysqlexecuter.obj
c:\src\fff\s\appbase\debug\network.obj
c:\src\fff\s\appbase\debug\sqlhelper.obj
c:\src\fff\s\appbase\debug\serverid.obj
c:\src\fff\s\appbase\debug\world.obj
c:\src\fff\s\appbase\debug\app.obj
c:\src\fff\s\appbase\debug\connection.obj
c:\src\fff\s\bin\debug\appbase.ilk
c:\src\fff\s\bin\debug\appbase.dll
c:\src\fff\s\bin\debug\appbase.pdb
c:\src\fff\s\appbase\debug\config.obj
c:\src\fff\s\appbase\debug\configinfo.obj
c:\src\fff\s\appbase\..\bin\debug\appbase.dll
c:\src\fff\s\appbase\debug\appbase.tlog\appbase.write.1u.tlog
c:\src\fff\s\appbase\debug\appbase.tlog\cl.command.1.tlog
c:\src\fff\s\appbase\debug\appbase.tlog\cl.read.1.tlog
c:\src\fff\s\appbase\debug\appbase.tlog\cl.write.1.tlog
c:\src\fff\s\appbase\debug\appbase.tlog\link.15280.delete.1.tlog
c:\src\fff\s\appbase\debug\appbase.tlog\link.19728.delete.1.tlog
c:\src\fff\s\appbase\debug\appbase.tlog\link.26108.delete.1.tlog
c:\src\fff\s\appbase\debug\appbase.tlog\link.7648.delete.1.tlog
c:\src\fff\s\appbase\debug\appbase.tlog\link.820.delete.1.tlog
c:\src\fff\s\appbase\debug\appbase.tlog\link.command.1.tlog
c:\src\fff\s\appbase\debug\appbase.tlog\link.delete.1.tlog
c:\src\fff\s\appbase\debug\appbase.tlog\link.read.1.tlog
c:\src\fff\s\appbase\debug\appbase.tlog\link.write.1.tlog
