生成启动时间为 2017/11/3 14:04:38。
     1>项目“C:\Src\FFF\SLinux\Servers\pkg\pkg.vcxproj”在节点 5 上(Build 个目标)。
     1>InitializeBuildStatus:
         正在创建“C:\Src\FFF\SLinux\Servers\pkg\obj\x64\Debug\pkg.tlog\unsuccessfulbuild”，因为已指定“AlwaysCreate”。
       CreateRecipeFile:
       正在跳过目标“CreateRecipeFile”，因为所有输出文件相对于输入文件而言都是最新的。
       _ValidateValidArchitecture:
         Validating architecture
         Current project architecture 'x64' is compatible with the remote system architecture 'x64' ('x64').
       _ValidateSources:
         Validating sources
       _CopySources:
         Copying sources remotely to '43.248.102.164'
         Skipping copying files as they are up to date.
       ClCompile:
         Starting remote build
         Compiling sources:
         Skipping 'C:\Src\FFF\SLinux\Servers\pkg\Cmd.pb.cc', as it is up to date.
         Skipping 'C:\Src\FFF\SLinux\Servers\pkg\Command.pb.cc', as it is up to date.
         Skipping 'C:\Src\FFF\SLinux\Servers\pkg\GameDefine.pb.cc', as it is up to date.
         Skipping 'C:\Src\FFF\SLinux\Servers\pkg\stdafx.cpp', as it is up to date.
       Lib:
         Archiving objects
       FinalizeBuildStatus:
         正在删除文件“C:\Src\FFF\SLinux\Servers\pkg\obj\x64\Debug\pkg.tlog\unsuccessfulbuild”。
         正在对“C:\Src\FFF\SLinux\Servers\pkg\obj\x64\Debug\pkg.tlog\pkg.lastbuildstate”执行 Touch 任务。
     1>已完成生成项目“C:\Src\FFF\SLinux\Servers\pkg\pkg.vcxproj”(Build 个目标)的操作。
