生成启动时间为 2017/11/21 19:19:42。
     1>项目“D:\git\FFF\SLinux\Servers\third_lib\third_lib.vcxproj”在节点 2 上(Build 个目标)。
     1>_ValidateSources:
         Validating sources
       _CopySources:
         Copying sources remotely to '43.248.102.164'
         Copying file 'D:\git\FFF\SLinux\Servers\third_lib\google\protobuf\any.h' to '/root/projects/third_lib/google/protobuf/any.h'
         Copying file 'D:\git\FFF\SLinux\Servers\third_lib\google\protobuf\any.pb.h' to '/root/projects/third_lib/google/protobuf/any.pb.h'
         Copying file 'D:\git\FFF\SLinux\Servers\third_lib\google\protobuf\api.pb.h' to '/root/projects/third_lib/google/protobuf/api.pb.h'
         Copying file 'D:\git\FFF\SLinux\Servers\third_lib\google\protobuf\arena.h' to '/root/projects/third_lib/google/protobuf/arena.h'
         Copying file 'D:\git\FFF\SLinux\Servers\third_lib\google\protobuf\arenastring.h' to '/root/projects/third_lib/google/protobuf/arenastring.h'
         Copying file 'D:\git\FFF\SLinux\Servers\third_lib\google\protobuf\compiler\code_generator.h' to '/root/projects/third_lib/google/protobuf/compiler/code_generator.h'
         Copying file 'D:\git\FFF\SLinux\Servers\third_lib\google\protobuf\compiler\command_line_interface.h' to '/root/projects/third_lib/google/protobuf/compiler/command_line_interface.h'
         Copying file 'D:\git\FFF\SLinux\Servers\third_lib\google\protobuf\compiler\cpp\cpp_generator.h' to '/root/projects/third_lib/google/protobuf/compiler/cpp/cpp_generator.h'
         Copying file 'D:\git\FFF\SLinux\Servers\third_lib\google\protobuf\compiler\csharp\csharp_generator.h' to '/root/projects/third_lib/google/protobuf/compiler/csharp/csharp_generator.h'
         Copying file 'D:\git\FFF\SLinux\Servers\third_lib\google\protobuf\compiler\csharp\csharp_names.h' to '/root/projects/third_lib/google/protobuf/compiler/csharp/csharp_names.h'
         Copying file 'D:\git\FFF\SLinux\Servers\third_lib\google\protobuf\compiler\csharp\csharp_options.h' to '/root/projects/third_lib/google/protobuf/compiler/csharp/csharp_options.h'
         Copying file 'D:\git\FFF\SLinux\Servers\third_lib\google\protobuf\compiler\importer.h' to '/root/projects/third_lib/google/protobuf/compiler/importer.h'
         Copying file 'D:\git\FFF\SLinux\Servers\third_lib\google\protobuf\compiler\javanano\javanano_generator.h' to '/root/projects/third_lib/google/protobuf/compiler/javanano/javanano_generator.h'
         Copying file 'D:\git\FFF\SLinux\Servers\third_lib\google\protobuf\compiler\java\java_generator.h' to '/root/projects/third_lib/google/protobuf/compiler/java/java_generator.h'
         Copying file 'D:\git\FFF\SLinux\Servers\third_lib\google\protobuf\compiler\java\java_names.h' to '/root/projects/third_lib/google/protobuf/compiler/java/java_names.h'
         Copying file 'D:\git\FFF\SLinux\Servers\third_lib\google\protobuf\compiler\js\js_generator.h' to '/root/projects/third_lib/google/protobuf/compiler/js/js_generator.h'
         Copying file 'D:\git\FFF\SLinux\Servers\third_lib\google\protobuf\compiler\objectivec\objectivec_generator.h' to '/root/projects/third_lib/google/protobuf/compiler/objectivec/objectivec_generator.h'
         Copying file 'D:\git\FFF\SLinux\Servers\third_lib\google\protobuf\compiler\objectivec\objectivec_helpers.h' to '/root/projects/third_lib/google/protobuf/compiler/objectivec/objectivec_helpers.h'
         Copying file 'D:\git\FFF\SLinux\Servers\third_lib\google\protobuf\compiler\parser.h' to '/root/projects/third_lib/google/protobuf/compiler/parser.h'
         Copying file 'D:\git\FFF\SLinux\Servers\third_lib\google\protobuf\compiler\plugin.h' to '/root/projects/third_lib/google/protobuf/compiler/plugin.h'
         Copying file 'D:\git\FFF\SLinux\Servers\third_lib\google\protobuf\compiler\plugin.pb.h' to '/root/projects/third_lib/google/protobuf/compiler/plugin.pb.h'
         Copying file 'D:\git\FFF\SLinux\Servers\third_lib\google\protobuf\compiler\python\python_generator.h' to '/root/projects/third_lib/google/protobuf/compiler/python/python_generator.h'
         Copying file 'D:\git\FFF\SLinux\Servers\third_lib\google\protobuf\compiler\ruby\ruby_generator.h' to '/root/projects/third_lib/google/protobuf/compiler/ruby/ruby_generator.h'
         Copying file 'D:\git\FFF\SLinux\Servers\third_lib\google\protobuf\descriptor.h' to '/root/projects/third_lib/google/protobuf/descriptor.h'
         Copying file 'D:\git\FFF\SLinux\Servers\third_lib\google\protobuf\descriptor.pb.h' to '/root/projects/third_lib/google/protobuf/descriptor.pb.h'
         Copying file 'D:\git\FFF\SLinux\Servers\third_lib\google\protobuf\descriptor_database.h' to '/root/projects/third_lib/google/protobuf/descriptor_database.h'
         Copying file 'D:\git\FFF\SLinux\Servers\third_lib\google\protobuf\duration.pb.h' to '/root/projects/third_lib/google/protobuf/duration.pb.h'
         Copying file 'D:\git\FFF\SLinux\Servers\third_lib\google\protobuf\dynamic_message.h' to '/root/projects/third_lib/google/protobuf/dynamic_message.h'
         Copying file 'D:\git\FFF\SLinux\Servers\third_lib\google\protobuf\empty.pb.h' to '/root/projects/third_lib/google/protobuf/empty.pb.h'
         Copying file 'D:\git\FFF\SLinux\Servers\third_lib\google\protobuf\extension_set.h' to '/root/projects/third_lib/google/protobuf/extension_set.h'
         Copying file 'D:\git\FFF\SLinux\Servers\third_lib\google\protobuf\field_mask.pb.h' to '/root/projects/third_lib/google/protobuf/field_mask.pb.h'
         Copying file 'D:\git\FFF\SLinux\Servers\third_lib\google\protobuf\generated_enum_reflection.h' to '/root/projects/third_lib/google/protobuf/generated_enum_reflection.h'
         Copying file 'D:\git\FFF\SLinux\Servers\third_lib\google\protobuf\generated_enum_util.h' to '/root/projects/third_lib/google/protobuf/generated_enum_util.h'
         Copying file 'D:\git\FFF\SLinux\Servers\third_lib\google\protobuf\generated_message_reflection.h' to '/root/projects/third_lib/google/protobuf/generated_message_reflection.h'
         Copying file 'D:\git\FFF\SLinux\Servers\third_lib\google\protobuf\generated_message_util.h' to '/root/projects/third_lib/google/protobuf/generated_message_util.h'
         Copying file 'D:\git\FFF\SLinux\Servers\third_lib\google\protobuf\io\coded_stream.h' to '/root/projects/third_lib/google/protobuf/io/coded_stream.h'
         Copying file 'D:\git\FFF\SLinux\Servers\third_lib\google\protobuf\io\gzip_stream.h' to '/root/projects/third_lib/google/protobuf/io/gzip_stream.h'
         Copying file 'D:\git\FFF\SLinux\Servers\third_lib\google\protobuf\io\printer.h' to '/root/projects/third_lib/google/protobuf/io/printer.h'
         Copying file 'D:\git\FFF\SLinux\Servers\third_lib\google\protobuf\io\strtod.h' to '/root/projects/third_lib/google/protobuf/io/strtod.h'
         Copying file 'D:\git\FFF\SLinux\Servers\third_lib\google\protobuf\io\tokenizer.h' to '/root/projects/third_lib/google/protobuf/io/tokenizer.h'
         Copying file 'D:\git\FFF\SLinux\Servers\third_lib\google\protobuf\io\zero_copy_stream.h' to '/root/projects/third_lib/google/protobuf/io/zero_copy_stream.h'
         Copying file 'D:\git\FFF\SLinux\Servers\third_lib\google\protobuf\io\zero_copy_stream_impl.h' to '/root/projects/third_lib/google/protobuf/io/zero_copy_stream_impl.h'
         Copying file 'D:\git\FFF\SLinux\Servers\third_lib\google\protobuf\io\zero_copy_stream_impl_lite.h' to '/root/projects/third_lib/google/protobuf/io/zero_copy_stream_impl_lite.h'
         Copying file 'D:\git\FFF\SLinux\Servers\third_lib\google\protobuf\map.h' to '/root/projects/third_lib/google/protobuf/map.h'
         Copying file 'D:\git\FFF\SLinux\Servers\third_lib\google\protobuf\map_entry.h' to '/root/projects/third_lib/google/protobuf/map_entry.h'
         Copying file 'D:\git\FFF\SLinux\Servers\third_lib\google\protobuf\map_entry_lite.h' to '/root/projects/third_lib/google/protobuf/map_entry_lite.h'
         Copying file 'D:\git\FFF\SLinux\Servers\third_lib\google\protobuf\map_field.h' to '/root/projects/third_lib/google/protobuf/map_field.h'
         Copying file 'D:\git\FFF\SLinux\Servers\third_lib\google\protobuf\map_field_inl.h' to '/root/projects/third_lib/google/protobuf/map_field_inl.h'
         Copying file 'D:\git\FFF\SLinux\Servers\third_lib\google\protobuf\map_field_lite.h' to '/root/projects/third_lib/google/protobuf/map_field_lite.h'
         Copying file 'D:\git\FFF\SLinux\Servers\third_lib\google\protobuf\map_type_handler.h' to '/root/projects/third_lib/google/protobuf/map_type_handler.h'
         Copying file 'D:\git\FFF\SLinux\Servers\third_lib\google\protobuf\message.h' to '/root/projects/third_lib/google/protobuf/message.h'
         Copying file 'D:\git\FFF\SLinux\Servers\third_lib\google\protobuf\message_lite.h' to '/root/projects/third_lib/google/protobuf/message_lite.h'
         Copying file 'D:\git\FFF\SLinux\Servers\third_lib\google\protobuf\metadata.h' to '/root/projects/third_lib/google/protobuf/metadata.h'
         Copying file 'D:\git\FFF\SLinux\Servers\third_lib\google\protobuf\reflection.h' to '/root/projects/third_lib/google/protobuf/reflection.h'
         Copying file 'D:\git\FFF\SLinux\Servers\third_lib\google\protobuf\reflection_ops.h' to '/root/projects/third_lib/google/protobuf/reflection_ops.h'
         Copying file 'D:\git\FFF\SLinux\Servers\third_lib\google\protobuf\repeated_field.h' to '/root/projects/third_lib/google/protobuf/repeated_field.h'
         Copying file 'D:\git\FFF\SLinux\Servers\third_lib\google\protobuf\service.h' to '/root/projects/third_lib/google/protobuf/service.h'
         Copying file 'D:\git\FFF\SLinux\Servers\third_lib\google\protobuf\source_context.pb.h' to '/root/projects/third_lib/google/protobuf/source_context.pb.h'
         Copying file 'D:\git\FFF\SLinux\Servers\third_lib\google\protobuf\struct.pb.h' to '/root/projects/third_lib/google/protobuf/struct.pb.h'
         Copying file 'D:\git\FFF\SLinux\Servers\third_lib\google\protobuf\stubs\atomicops.h' to '/root/projects/third_lib/google/protobuf/stubs/atomicops.h'
         Copying file 'D:\git\FFF\SLinux\Servers\third_lib\google\protobuf\stubs\atomicops_internals_arm64_gcc.h' to '/root/projects/third_lib/google/protobuf/stubs/atomicops_internals_arm64_gcc.h'
         Copying file 'D:\git\FFF\SLinux\Servers\third_lib\google\protobuf\stubs\atomicops_internals_arm_gcc.h' to '/root/projects/third_lib/google/protobuf/stubs/atomicops_internals_arm_gcc.h'
         Copying file 'D:\git\FFF\SLinux\Servers\third_lib\google\protobuf\stubs\atomicops_internals_arm_qnx.h' to '/root/projects/third_lib/google/protobuf/stubs/atomicops_internals_arm_qnx.h'
         Copying file 'D:\git\FFF\SLinux\Servers\third_lib\google\protobuf\stubs\atomicops_internals_atomicword_compat.h' to '/root/projects/third_lib/google/protobuf/stubs/atomicops_internals_atomicword_compat.h'
         Copying file 'D:\git\FFF\SLinux\Servers\third_lib\google\protobuf\stubs\atomicops_internals_generic_gcc.h' to '/root/projects/third_lib/google/protobuf/stubs/atomicops_internals_generic_gcc.h'
         Copying file 'D:\git\FFF\SLinux\Servers\third_lib\google\protobuf\stubs\atomicops_internals_macosx.h' to '/root/projects/third_lib/google/protobuf/stubs/atomicops_internals_macosx.h'
         Copying file 'D:\git\FFF\SLinux\Servers\third_lib\google\protobuf\stubs\atomicops_internals_mips_gcc.h' to '/root/projects/third_lib/google/protobuf/stubs/atomicops_internals_mips_gcc.h'
         Copying file 'D:\git\FFF\SLinux\Servers\third_lib\google\protobuf\stubs\atomicops_internals_pnacl.h' to '/root/projects/third_lib/google/protobuf/stubs/atomicops_internals_pnacl.h'
         Copying file 'D:\git\FFF\SLinux\Servers\third_lib\google\protobuf\stubs\atomicops_internals_power.h' to '/root/projects/third_lib/google/protobuf/stubs/atomicops_internals_power.h'
         Copying file 'D:\git\FFF\SLinux\Servers\third_lib\google\protobuf\stubs\atomicops_internals_solaris.h' to '/root/projects/third_lib/google/protobuf/stubs/atomicops_internals_solaris.h'
         Copying file 'D:\git\FFF\SLinux\Servers\third_lib\google\protobuf\stubs\atomicops_internals_tsan.h' to '/root/projects/third_lib/google/protobuf/stubs/atomicops_internals_tsan.h'
         Copying file 'D:\git\FFF\SLinux\Servers\third_lib\google\protobuf\stubs\atomicops_internals_x86_gcc.h' to '/root/projects/third_lib/google/protobuf/stubs/atomicops_internals_x86_gcc.h'
         Copying file 'D:\git\FFF\SLinux\Servers\third_lib\google\protobuf\stubs\atomicops_internals_x86_msvc.h' to '/root/projects/third_lib/google/protobuf/stubs/atomicops_internals_x86_msvc.h'
         Copying file 'D:\git\FFF\SLinux\Servers\third_lib\google\protobuf\stubs\atomic_sequence_num.h' to '/root/projects/third_lib/google/protobuf/stubs/atomic_sequence_num.h'
         Copying file 'D:\git\FFF\SLinux\Servers\third_lib\google\protobuf\stubs\bytestream.h' to '/root/projects/third_lib/google/protobuf/stubs/bytestream.h'
         Copying file 'D:\git\FFF\SLinux\Servers\third_lib\google\protobuf\stubs\callback.h' to '/root/projects/third_lib/google/protobuf/stubs/callback.h'
         Copying file 'D:\git\FFF\SLinux\Servers\third_lib\google\protobuf\stubs\casts.h' to '/root/projects/third_lib/google/protobuf/stubs/casts.h'
         Copying file 'D:\git\FFF\SLinux\Servers\third_lib\google\protobuf\stubs\common.h' to '/root/projects/third_lib/google/protobuf/stubs/common.h'
         Copying file 'D:\git\FFF\SLinux\Servers\third_lib\google\protobuf\stubs\fastmem.h' to '/root/projects/third_lib/google/protobuf/stubs/fastmem.h'
         Copying file 'D:\git\FFF\SLinux\Servers\third_lib\google\protobuf\stubs\hash.h' to '/root/projects/third_lib/google/protobuf/stubs/hash.h'
         Copying file 'D:\git\FFF\SLinux\Servers\third_lib\google\protobuf\stubs\logging.h' to '/root/projects/third_lib/google/protobuf/stubs/logging.h'
         Copying file 'D:\git\FFF\SLinux\Servers\third_lib\google\protobuf\stubs\macros.h' to '/root/projects/third_lib/google/protobuf/stubs/macros.h'
         Copying file 'D:\git\FFF\SLinux\Servers\third_lib\google\protobuf\stubs\mutex.h' to '/root/projects/third_lib/google/protobuf/stubs/mutex.h'
         Copying file 'D:\git\FFF\SLinux\Servers\third_lib\google\protobuf\stubs\once.h' to '/root/projects/third_lib/google/protobuf/stubs/once.h'
         Copying file 'D:\git\FFF\SLinux\Servers\third_lib\google\protobuf\stubs\platform_macros.h' to '/root/projects/third_lib/google/protobuf/stubs/platform_macros.h'
         Copying file 'D:\git\FFF\SLinux\Servers\third_lib\google\protobuf\stubs\port.h' to '/root/projects/third_lib/google/protobuf/stubs/port.h'
         Copying file 'D:\git\FFF\SLinux\Servers\third_lib\google\protobuf\stubs\scoped_ptr.h' to '/root/projects/third_lib/google/protobuf/stubs/scoped_ptr.h'
         Copying file 'D:\git\FFF\SLinux\Servers\third_lib\google\protobuf\stubs\shared_ptr.h' to '/root/projects/third_lib/google/protobuf/stubs/shared_ptr.h'
         Copying file 'D:\git\FFF\SLinux\Servers\third_lib\google\protobuf\stubs\singleton.h' to '/root/projects/third_lib/google/protobuf/stubs/singleton.h'
         Copying file 'D:\git\FFF\SLinux\Servers\third_lib\google\protobuf\stubs\status.h' to '/root/projects/third_lib/google/protobuf/stubs/status.h'
         Copying file 'D:\git\FFF\SLinux\Servers\third_lib\google\protobuf\stubs\stl_util.h' to '/root/projects/third_lib/google/protobuf/stubs/stl_util.h'
         Copying file 'D:\git\FFF\SLinux\Servers\third_lib\google\protobuf\stubs\stringpiece.h' to '/root/projects/third_lib/google/protobuf/stubs/stringpiece.h'
         Copying file 'D:\git\FFF\SLinux\Servers\third_lib\google\protobuf\stubs\template_util.h' to '/root/projects/third_lib/google/protobuf/stubs/template_util.h'
         Copying file 'D:\git\FFF\SLinux\Servers\third_lib\google\protobuf\stubs\type_traits.h' to '/root/projects/third_lib/google/protobuf/stubs/type_traits.h'
         Copying file 'D:\git\FFF\SLinux\Servers\third_lib\google\protobuf\text_format.h' to '/root/projects/third_lib/google/protobuf/text_format.h'
         Copying file 'D:\git\FFF\SLinux\Servers\third_lib\google\protobuf\timestamp.pb.h' to '/root/projects/third_lib/google/protobuf/timestamp.pb.h'
         Copying file 'D:\git\FFF\SLinux\Servers\third_lib\google\protobuf\type.pb.h' to '/root/projects/third_lib/google/protobuf/type.pb.h'
         Copying file 'D:\git\FFF\SLinux\Servers\third_lib\google\protobuf\unknown_field_set.h' to '/root/projects/third_lib/google/protobuf/unknown_field_set.h'
         Copying file 'D:\git\FFF\SLinux\Servers\third_lib\google\protobuf\util\field_comparator.h' to '/root/projects/third_lib/google/protobuf/util/field_comparator.h'
         Copying file 'D:\git\FFF\SLinux\Servers\third_lib\google\protobuf\util\field_mask_util.h' to '/root/projects/third_lib/google/protobuf/util/field_mask_util.h'
         Copying file 'D:\git\FFF\SLinux\Servers\third_lib\google\protobuf\util\json_util.h' to '/root/projects/third_lib/google/protobuf/util/json_util.h'
         Copying file 'D:\git\FFF\SLinux\Servers\third_lib\google\protobuf\util\message_differencer.h' to '/root/projects/third_lib/google/protobuf/util/message_differencer.h'
         Copying file 'D:\git\FFF\SLinux\Servers\third_lib\google\protobuf\util\time_util.h' to '/root/projects/third_lib/google/protobuf/util/time_util.h'
         Copying file 'D:\git\FFF\SLinux\Servers\third_lib\google\protobuf\util\type_resolver.h' to '/root/projects/third_lib/google/protobuf/util/type_resolver.h'
         Copying file 'D:\git\FFF\SLinux\Servers\third_lib\google\protobuf\util\type_resolver_util.h' to '/root/projects/third_lib/google/protobuf/util/type_resolver_util.h'
         Copying file 'D:\git\FFF\SLinux\Servers\third_lib\google\protobuf\wire_format.h' to '/root/projects/third_lib/google/protobuf/wire_format.h'
         Copying file 'D:\git\FFF\SLinux\Servers\third_lib\google\protobuf\wire_format_lite.h' to '/root/projects/third_lib/google/protobuf/wire_format_lite.h'
         Copying file 'D:\git\FFF\SLinux\Servers\third_lib\google\protobuf\wire_format_lite_inl.h' to '/root/projects/third_lib/google/protobuf/wire_format_lite_inl.h'
         Copying file 'D:\git\FFF\SLinux\Servers\third_lib\google\protobuf\wrappers.pb.h' to '/root/projects/third_lib/google/protobuf/wrappers.pb.h'
         Copying file 'D:\git\FFF\SLinux\Servers\third_lib\Mysql\big_endian.h' to '/root/projects/third_lib/Mysql/big_endian.h'
         Copying file 'D:\git\FFF\SLinux\Servers\third_lib\Mysql\byte_order_generic.h' to '/root/projects/third_lib/Mysql/byte_order_generic.h'
         Copying file 'D:\git\FFF\SLinux\Servers\third_lib\Mysql\byte_order_generic_x86.h' to '/root/projects/third_lib/Mysql/byte_order_generic_x86.h'
         Copying file 'D:\git\FFF\SLinux\Servers\third_lib\Mysql\byte_order_generic_x86_64.h' to '/root/projects/third_lib/Mysql/byte_order_generic_x86_64.h'
         Copying file 'D:\git\FFF\SLinux\Servers\third_lib\Mysql\decimal.h' to '/root/projects/third_lib/Mysql/decimal.h'
         Copying file 'D:\git\FFF\SLinux\Servers\third_lib\Mysql\errmsg.h' to '/root/projects/third_lib/Mysql/errmsg.h'
         Copying file 'D:\git\FFF\SLinux\Servers\third_lib\Mysql\keycache.h' to '/root/projects/third_lib/Mysql/keycache.h'
         Copying file 'D:\git\FFF\SLinux\Servers\third_lib\Mysql\little_endian.h' to '/root/projects/third_lib/Mysql/little_endian.h'
         Copying file 'D:\git\FFF\SLinux\Servers\third_lib\Mysql\mysql.h' to '/root/projects/third_lib/Mysql/mysql.h'
         Copying file 'D:\git\FFF\SLinux\Servers\third_lib\Mysql\mysqld_ername.h' to '/root/projects/third_lib/Mysql/mysqld_ername.h'
         Copying file 'D:\git\FFF\SLinux\Servers\third_lib\Mysql\mysqld_error.h' to '/root/projects/third_lib/Mysql/mysqld_error.h'
         Copying file 'D:\git\FFF\SLinux\Servers\third_lib\Mysql\mysql\client_authentication.h' to '/root/projects/third_lib/Mysql/mysql/client_authentication.h'
         Copying file 'D:\git\FFF\SLinux\Servers\third_lib\Mysql\mysql\client_plugin.h' to '/root/projects/third_lib/Mysql/mysql/client_plugin.h'
         Copying file 'D:\git\FFF\SLinux\Servers\third_lib\Mysql\mysql\get_password.h' to '/root/projects/third_lib/Mysql/mysql/get_password.h'
         Copying file 'D:\git\FFF\SLinux\Servers\third_lib\Mysql\mysql\innodb_priv.h' to '/root/projects/third_lib/Mysql/mysql/innodb_priv.h'
         Copying file 'D:\git\FFF\SLinux\Servers\third_lib\Mysql\mysql\plugin.h' to '/root/projects/third_lib/Mysql/mysql/plugin.h'
         Copying file 'D:\git\FFF\SLinux\Servers\third_lib\Mysql\mysql\plugin_audit.h' to '/root/projects/third_lib/Mysql/mysql/plugin_audit.h'
         Copying file 'D:\git\FFF\SLinux\Servers\third_lib\Mysql\mysql\plugin_auth.h' to '/root/projects/third_lib/Mysql/mysql/plugin_auth.h'
         Copying file 'D:\git\FFF\SLinux\Servers\third_lib\Mysql\mysql\plugin_auth_common.h' to '/root/projects/third_lib/Mysql/mysql/plugin_auth_common.h'
         Copying file 'D:\git\FFF\SLinux\Servers\third_lib\Mysql\mysql\plugin_ftparser.h' to '/root/projects/third_lib/Mysql/mysql/plugin_ftparser.h'
         Copying file 'D:\git\FFF\SLinux\Servers\third_lib\Mysql\mysql\plugin_validate_password.h' to '/root/projects/third_lib/Mysql/mysql/plugin_validate_password.h'
         Copying file 'D:\git\FFF\SLinux\Servers\third_lib\Mysql\mysql\psi\mysql_file.h' to '/root/projects/third_lib/Mysql/mysql/psi/mysql_file.h'
         Copying file 'D:\git\FFF\SLinux\Servers\third_lib\Mysql\mysql\psi\mysql_idle.h' to '/root/projects/third_lib/Mysql/mysql/psi/mysql_idle.h'
         Copying file 'D:\git\FFF\SLinux\Servers\third_lib\Mysql\mysql\psi\mysql_socket.h' to '/root/projects/third_lib/Mysql/mysql/psi/mysql_socket.h'
         Copying file 'D:\git\FFF\SLinux\Servers\third_lib\Mysql\mysql\psi\mysql_stage.h' to '/root/projects/third_lib/Mysql/mysql/psi/mysql_stage.h'
         Copying file 'D:\git\FFF\SLinux\Servers\third_lib\Mysql\mysql\psi\mysql_statement.h' to '/root/projects/third_lib/Mysql/mysql/psi/mysql_statement.h'
         Copying file 'D:\git\FFF\SLinux\Servers\third_lib\Mysql\mysql\psi\mysql_table.h' to '/root/projects/third_lib/Mysql/mysql/psi/mysql_table.h'
         Copying file 'D:\git\FFF\SLinux\Servers\third_lib\Mysql\mysql\psi\mysql_thread.h' to '/root/projects/third_lib/Mysql/mysql/psi/mysql_thread.h'
         Copying file 'D:\git\FFF\SLinux\Servers\third_lib\Mysql\mysql\psi\psi.h' to '/root/projects/third_lib/Mysql/mysql/psi/psi.h'
         Copying file 'D:\git\FFF\SLinux\Servers\third_lib\Mysql\mysql\services.h' to '/root/projects/third_lib/Mysql/mysql/services.h'
         Copying file 'D:\git\FFF\SLinux\Servers\third_lib\Mysql\mysql\service_mysql_string.h' to '/root/projects/third_lib/Mysql/mysql/service_mysql_string.h'
         Copying file 'D:\git\FFF\SLinux\Servers\third_lib\Mysql\mysql\service_my_plugin_log.h' to '/root/projects/third_lib/Mysql/mysql/service_my_plugin_log.h'
         Copying file 'D:\git\FFF\SLinux\Servers\third_lib\Mysql\mysql\service_my_snprintf.h' to '/root/projects/third_lib/Mysql/mysql/service_my_snprintf.h'
         Copying file 'D:\git\FFF\SLinux\Servers\third_lib\Mysql\mysql\service_thd_alloc.h' to '/root/projects/third_lib/Mysql/mysql/service_thd_alloc.h'
         Copying file 'D:\git\FFF\SLinux\Servers\third_lib\Mysql\mysql\service_thd_wait.h' to '/root/projects/third_lib/Mysql/mysql/service_thd_wait.h'
         Copying file 'D:\git\FFF\SLinux\Servers\third_lib\Mysql\mysql\service_thread_scheduler.h' to '/root/projects/third_lib/Mysql/mysql/service_thread_scheduler.h'
         Copying file 'D:\git\FFF\SLinux\Servers\third_lib\Mysql\mysql\thread_pool_priv.h' to '/root/projects/third_lib/Mysql/mysql/thread_pool_priv.h'
         Copying file 'D:\git\FFF\SLinux\Servers\third_lib\Mysql\mysql_com.h' to '/root/projects/third_lib/Mysql/mysql_com.h'
         Copying file 'D:\git\FFF\SLinux\Servers\third_lib\Mysql\mysql_com_server.h' to '/root/projects/third_lib/Mysql/mysql_com_server.h'
         Copying file 'D:\git\FFF\SLinux\Servers\third_lib\Mysql\mysql_embed.h' to '/root/projects/third_lib/Mysql/mysql_embed.h'
         Copying file 'D:\git\FFF\SLinux\Servers\third_lib\Mysql\mysql_time.h' to '/root/projects/third_lib/Mysql/mysql_time.h'
         Copying file 'D:\git\FFF\SLinux\Servers\third_lib\Mysql\mysql_version.h' to '/root/projects/third_lib/Mysql/mysql_version.h'
         Copying file 'D:\git\FFF\SLinux\Servers\third_lib\Mysql\my_alloc.h' to '/root/projects/third_lib/Mysql/my_alloc.h'
         Copying file 'D:\git\FFF\SLinux\Servers\third_lib\Mysql\my_attribute.h' to '/root/projects/third_lib/Mysql/my_attribute.h'
         Copying file 'D:\git\FFF\SLinux\Servers\third_lib\Mysql\my_byteorder.h' to '/root/projects/third_lib/Mysql/my_byteorder.h'
         Copying file 'D:\git\FFF\SLinux\Servers\third_lib\Mysql\my_compiler.h' to '/root/projects/third_lib/Mysql/my_compiler.h'
         Copying file 'D:\git\FFF\SLinux\Servers\third_lib\Mysql\my_config.h' to '/root/projects/third_lib/Mysql/my_config.h'
         Copying file 'D:\git\FFF\SLinux\Servers\third_lib\Mysql\my_dbug.h' to '/root/projects/third_lib/Mysql/my_dbug.h'
         Copying file 'D:\git\FFF\SLinux\Servers\third_lib\Mysql\my_dir.h' to '/root/projects/third_lib/Mysql/my_dir.h'
         Copying file 'D:\git\FFF\SLinux\Servers\third_lib\Mysql\my_getopt.h' to '/root/projects/third_lib/Mysql/my_getopt.h'
         Copying file 'D:\git\FFF\SLinux\Servers\third_lib\Mysql\my_global.h' to '/root/projects/third_lib/Mysql/my_global.h'
         Copying file 'D:\git\FFF\SLinux\Servers\third_lib\Mysql\my_list.h' to '/root/projects/third_lib/Mysql/my_list.h'
         Copying file 'D:\git\FFF\SLinux\Servers\third_lib\Mysql\my_net.h' to '/root/projects/third_lib/Mysql/my_net.h'
         Copying file 'D:\git\FFF\SLinux\Servers\third_lib\Mysql\my_pthread.h' to '/root/projects/third_lib/Mysql/my_pthread.h'
         Copying file 'D:\git\FFF\SLinux\Servers\third_lib\Mysql\my_sys.h' to '/root/projects/third_lib/Mysql/my_sys.h'
         Copying file 'D:\git\FFF\SLinux\Servers\third_lib\Mysql\my_xml.h' to '/root/projects/third_lib/Mysql/my_xml.h'
         Copying file 'D:\git\FFF\SLinux\Servers\third_lib\Mysql\m_ctype.h' to '/root/projects/third_lib/Mysql/m_ctype.h'
         Copying file 'D:\git\FFF\SLinux\Servers\third_lib\Mysql\m_string.h' to '/root/projects/third_lib/Mysql/m_string.h'
         Copying file 'D:\git\FFF\SLinux\Servers\third_lib\Mysql\plugin.h' to '/root/projects/third_lib/Mysql/plugin.h'
         Copying file 'D:\git\FFF\SLinux\Servers\third_lib\Mysql\plugin_audit.h' to '/root/projects/third_lib/Mysql/plugin_audit.h'
         Copying file 'D:\git\FFF\SLinux\Servers\third_lib\Mysql\plugin_ftparser.h' to '/root/projects/third_lib/Mysql/plugin_ftparser.h'
         Copying file 'D:\git\FFF\SLinux\Servers\third_lib\Mysql\plugin_validate_password.h' to '/root/projects/third_lib/Mysql/plugin_validate_password.h'
         Copying file 'D:\git\FFF\SLinux\Servers\third_lib\Mysql\sql_common.h' to '/root/projects/third_lib/Mysql/sql_common.h'
         Copying file 'D:\git\FFF\SLinux\Servers\third_lib\Mysql\sql_state.h' to '/root/projects/third_lib/Mysql/sql_state.h'
         Copying file 'D:\git\FFF\SLinux\Servers\third_lib\Mysql\sslopt-case.h' to '/root/projects/third_lib/Mysql/sslopt-case.h'
         Copying file 'D:\git\FFF\SLinux\Servers\third_lib\Mysql\sslopt-longopts.h' to '/root/projects/third_lib/Mysql/sslopt-longopts.h'
         Copying file 'D:\git\FFF\SLinux\Servers\third_lib\Mysql\sslopt-vars.h' to '/root/projects/third_lib/Mysql/sslopt-vars.h'
         Copying file 'D:\git\FFF\SLinux\Servers\third_lib\Mysql\typelib.h' to '/root/projects/third_lib/Mysql/typelib.h'
         Copying file 'D:\git\FFF\SLinux\Servers\third_lib\Poco\AbstractCache.h' to '/root/projects/third_lib/Poco/AbstractCache.h'
         Copying file 'D:\git\FFF\SLinux\Servers\third_lib\Poco\AbstractDelegate.h' to '/root/projects/third_lib/Poco/AbstractDelegate.h'
         Copying file 'D:\git\FFF\SLinux\Servers\third_lib\Poco\AbstractEvent.h' to '/root/projects/third_lib/Poco/AbstractEvent.h'
         Copying file 'D:\git\FFF\SLinux\Servers\third_lib\Poco\AbstractObserver.h' to '/root/projects/third_lib/Poco/AbstractObserver.h'
         Copying file 'D:\git\FFF\SLinux\Servers\third_lib\Poco\AbstractPriorityDelegate.h' to '/root/projects/third_lib/Poco/AbstractPriorityDelegate.h'
         Copying file 'D:\git\FFF\SLinux\Servers\third_lib\Poco\AbstractStrategy.h' to '/root/projects/third_lib/Poco/AbstractStrategy.h'
         Copying file 'D:\git\FFF\SLinux\Servers\third_lib\Poco\AccessExpirationDecorator.h' to '/root/projects/third_lib/Poco/AccessExpirationDecorator.h'
         Copying file 'D:\git\FFF\SLinux\Servers\third_lib\Poco\AccessExpireCache.h' to '/root/projects/third_lib/Poco/AccessExpireCache.h'
         Copying file 'D:\git\FFF\SLinux\Servers\third_lib\Poco\AccessExpireLRUCache.h' to '/root/projects/third_lib/Poco/AccessExpireLRUCache.h'
         Copying file 'D:\git\FFF\SLinux\Servers\third_lib\Poco\AccessExpireStrategy.h' to '/root/projects/third_lib/Poco/AccessExpireStrategy.h'
         Copying file 'D:\git\FFF\SLinux\Servers\third_lib\Poco\ActiveDispatcher.h' to '/root/projects/third_lib/Poco/ActiveDispatcher.h'
         Copying file 'D:\git\FFF\SLinux\Servers\third_lib\Poco\ActiveMethod.h' to '/root/projects/third_lib/Poco/ActiveMethod.h'
         Copying file 'D:\git\FFF\SLinux\Servers\third_lib\Poco\ActiveResult.h' to '/root/projects/third_lib/Poco/ActiveResult.h'
         Copying file 'D:\git\FFF\SLinux\Servers\third_lib\Poco\ActiveRunnable.h' to '/root/projects/third_lib/Poco/ActiveRunnable.h'
         Copying file 'D:\git\FFF\SLinux\Servers\third_lib\Poco\ActiveStarter.h' to '/root/projects/third_lib/Poco/ActiveStarter.h'
         Copying file 'D:\git\FFF\SLinux\Servers\third_lib\Poco\Activity.h' to '/root/projects/third_lib/Poco/Activity.h'
         Copying file 'D:\git\FFF\SLinux\Servers\third_lib\Poco\Alignment.h' to '/root/projects/third_lib/Poco/Alignment.h'
         Copying file 'D:\git\FFF\SLinux\Servers\third_lib\Poco\Any.h' to '/root/projects/third_lib/Poco/Any.h'
         Copying file 'D:\git\FFF\SLinux\Servers\third_lib\Poco\ArchiveStrategy.h' to '/root/projects/third_lib/Poco/ArchiveStrategy.h'
         Copying file 'D:\git\FFF\SLinux\Servers\third_lib\Poco\Array.h' to '/root/projects/third_lib/Poco/Array.h'
         Copying file 'D:\git\FFF\SLinux\Servers\third_lib\Poco\Ascii.h' to '/root/projects/third_lib/Poco/Ascii.h'
         Copying file 'D:\git\FFF\SLinux\Servers\third_lib\Poco\ASCIIEncoding.h' to '/root/projects/third_lib/Poco/ASCIIEncoding.h'
         Copying file 'D:\git\FFF\SLinux\Servers\third_lib\Poco\AsyncChannel.h' to '/root/projects/third_lib/Poco/AsyncChannel.h'
         Copying file 'D:\git\FFF\SLinux\Servers\third_lib\Poco\AtomicCounter.h' to '/root/projects/third_lib/Poco/AtomicCounter.h'
         Copying file 'D:\git\FFF\SLinux\Servers\third_lib\Poco\AutoPtr.h' to '/root/projects/third_lib/Poco/AutoPtr.h'
         Copying file 'D:\git\FFF\SLinux\Servers\third_lib\Poco\AutoReleasePool.h' to '/root/projects/third_lib/Poco/AutoReleasePool.h'
         Copying file 'D:\git\FFF\SLinux\Servers\third_lib\Poco\Base32Decoder.h' to '/root/projects/third_lib/Poco/Base32Decoder.h'
         Copying file 'D:\git\FFF\SLinux\Servers\third_lib\Poco\Base32Encoder.h' to '/root/projects/third_lib/Poco/Base32Encoder.h'
         Copying file 'D:\git\FFF\SLinux\Servers\third_lib\Poco\Base64Decoder.h' to '/root/projects/third_lib/Poco/Base64Decoder.h'
         Copying file 'D:\git\FFF\SLinux\Servers\third_lib\Poco\Base64Encoder.h' to '/root/projects/third_lib/Poco/Base64Encoder.h'
         Copying file 'D:\git\FFF\SLinux\Servers\third_lib\Poco\BasicEvent.h' to '/root/projects/third_lib/Poco/BasicEvent.h'
         Copying file 'D:\git\FFF\SLinux\Servers\third_lib\Poco\BinaryReader.h' to '/root/projects/third_lib/Poco/BinaryReader.h'
         Copying file 'D:\git\FFF\SLinux\Servers\third_lib\Poco\BinaryWriter.h' to '/root/projects/third_lib/Poco/BinaryWriter.h'
         Copying file 'D:\git\FFF\SLinux\Servers\third_lib\Poco\Buffer.h' to '/root/projects/third_lib/Poco/Buffer.h'
         Copying file 'D:\git\FFF\SLinux\Servers\third_lib\Poco\BufferAllocator.h' to '/root/projects/third_lib/Poco/BufferAllocator.h'
         Copying file 'D:\git\FFF\SLinux\Servers\third_lib\Poco\BufferedBidirectionalStreamBuf.h' to '/root/projects/third_lib/Poco/BufferedBidirectionalStreamBuf.h'
         Copying file 'D:\git\FFF\SLinux\Servers\third_lib\Poco\BufferedStreamBuf.h' to '/root/projects/third_lib/Poco/BufferedStreamBuf.h'
         Copying file 'D:\git\FFF\SLinux\Servers\third_lib\Poco\Bugcheck.h' to '/root/projects/third_lib/Poco/Bugcheck.h'
         Copying file 'D:\git\FFF\SLinux\Servers\third_lib\Poco\ByteOrder.h' to '/root/projects/third_lib/Poco/ByteOrder.h'
         Copying file 'D:\git\FFF\SLinux\Servers\third_lib\Poco\Channel.h' to '/root/projects/third_lib/Poco/Channel.h'
         Copying file 'D:\git\FFF\SLinux\Servers\third_lib\Poco\Checksum.h' to '/root/projects/third_lib/Poco/Checksum.h'
         Copying file 'D:\git\FFF\SLinux\Servers\third_lib\Poco\ClassLibrary.h' to '/root/projects/third_lib/Poco/ClassLibrary.h'
         Copying file 'D:\git\FFF\SLinux\Servers\third_lib\Poco\ClassLoader.h' to '/root/projects/third_lib/Poco/ClassLoader.h'
         Copying file 'D:\git\FFF\SLinux\Servers\third_lib\Poco\Clock.h' to '/root/projects/third_lib/Poco/Clock.h'
         Copying file 'D:\git\FFF\SLinux\Servers\third_lib\Poco\Condition.h' to '/root/projects/third_lib/Poco/Condition.h'
         Copying file 'D:\git\FFF\SLinux\Servers\third_lib\Poco\Config.h' to '/root/projects/third_lib/Poco/Config.h'
         Copying file 'D:\git\FFF\SLinux\Servers\third_lib\Poco\Configurable.h' to '/root/projects/third_lib/Poco/Configurable.h'
         Copying file 'D:\git\FFF\SLinux\Servers\third_lib\Poco\ConsoleChannel.h' to '/root/projects/third_lib/Poco/ConsoleChannel.h'
         Copying file 'D:\git\FFF\SLinux\Servers\third_lib\Poco\CountingStream.h' to '/root/projects/third_lib/Poco/CountingStream.h'
         Copying file 'D:\git\FFF\SLinux\Servers\third_lib\Poco\DateTime.h' to '/root/projects/third_lib/Poco/DateTime.h'
         Copying file 'D:\git\FFF\SLinux\Servers\third_lib\Poco\DateTimeFormat.h' to '/root/projects/third_lib/Poco/DateTimeFormat.h'
         Copying file 'D:\git\FFF\SLinux\Servers\third_lib\Poco\DateTimeFormatter.h' to '/root/projects/third_lib/Poco/DateTimeFormatter.h'
         Copying file 'D:\git\FFF\SLinux\Servers\third_lib\Poco\DateTimeParser.h' to '/root/projects/third_lib/Poco/DateTimeParser.h'
         Copying file 'D:\git\FFF\SLinux\Servers\third_lib\Poco\Debugger.h' to '/root/projects/third_lib/Poco/Debugger.h'
         Copying file 'D:\git\FFF\SLinux\Servers\third_lib\Poco\DefaultStrategy.h' to '/root/projects/third_lib/Poco/DefaultStrategy.h'
         Copying file 'D:\git\FFF\SLinux\Servers\third_lib\Poco\DeflatingStream.h' to '/root/projects/third_lib/Poco/DeflatingStream.h'
         Copying file 'D:\git\FFF\SLinux\Servers\third_lib\Poco\Delegate.h' to '/root/projects/third_lib/Poco/Delegate.h'
         Copying file 'D:\git\FFF\SLinux\Servers\third_lib\Poco\DigestEngine.h' to '/root/projects/third_lib/Poco/DigestEngine.h'
         Copying file 'D:\git\FFF\SLinux\Servers\third_lib\Poco\DigestStream.h' to '/root/projects/third_lib/Poco/DigestStream.h'
         Copying file 'D:\git\FFF\SLinux\Servers\third_lib\Poco\DirectoryIterator.h' to '/root/projects/third_lib/Poco/DirectoryIterator.h'
         Copying file 'D:\git\FFF\SLinux\Servers\third_lib\Poco\DirectoryIteratorStrategy.h' to '/root/projects/third_lib/Poco/DirectoryIteratorStrategy.h'
         Copying file 'D:\git\FFF\SLinux\Servers\third_lib\Poco\DirectoryIterator_UNIX.h' to '/root/projects/third_lib/Poco/DirectoryIterator_UNIX.h'
         Copying file 'D:\git\FFF\SLinux\Servers\third_lib\Poco\DirectoryIterator_VMS.h' to '/root/projects/third_lib/Poco/DirectoryIterator_VMS.h'
         Copying file 'D:\git\FFF\SLinux\Servers\third_lib\Poco\DirectoryIterator_WIN32.h' to '/root/projects/third_lib/Poco/DirectoryIterator_WIN32.h'
         Copying file 'D:\git\FFF\SLinux\Servers\third_lib\Poco\DirectoryIterator_WIN32U.h' to '/root/projects/third_lib/Poco/DirectoryIterator_WIN32U.h'
         Copying file 'D:\git\FFF\SLinux\Servers\third_lib\Poco\DirectoryWatcher.h' to '/root/projects/third_lib/Poco/DirectoryWatcher.h'
         Copying file 'D:\git\FFF\SLinux\Servers\third_lib\Poco\DynamicAny.h' to '/root/projects/third_lib/Poco/DynamicAny.h'
         Copying file 'D:\git\FFF\SLinux\Servers\third_lib\Poco\DynamicAnyHolder.h' to '/root/projects/third_lib/Poco/DynamicAnyHolder.h'
         Copying file 'D:\git\FFF\SLinux\Servers\third_lib\Poco\DynamicFactory.h' to '/root/projects/third_lib/Poco/DynamicFactory.h'
         Copying file 'D:\git\FFF\SLinux\Servers\third_lib\Poco\DynamicStruct.h' to '/root/projects/third_lib/Poco/DynamicStruct.h'
         Copying file 'D:\git\FFF\SLinux\Servers\third_lib\Poco\Dynamic\Pair.h' to '/root/projects/third_lib/Poco/Dynamic/Pair.h'
         Copying file 'D:\git\FFF\SLinux\Servers\third_lib\Poco\Dynamic\Struct.h' to '/root/projects/third_lib/Poco/Dynamic/Struct.h'
         Copying file 'D:\git\FFF\SLinux\Servers\third_lib\Poco\Dynamic\Var.h' to '/root/projects/third_lib/Poco/Dynamic/Var.h'
         Copying file 'D:\git\FFF\SLinux\Servers\third_lib\Poco\Dynamic\VarHolder.h' to '/root/projects/third_lib/Poco/Dynamic/VarHolder.h'
         Copying file 'D:\git\FFF\SLinux\Servers\third_lib\Poco\Dynamic\VarIterator.h' to '/root/projects/third_lib/Poco/Dynamic/VarIterator.h'
         Copying file 'D:\git\FFF\SLinux\Servers\third_lib\Poco\Environment.h' to '/root/projects/third_lib/Poco/Environment.h'
         Copying file 'D:\git\FFF\SLinux\Servers\third_lib\Poco\Environment_UNIX.h' to '/root/projects/third_lib/Poco/Environment_UNIX.h'
         Copying file 'D:\git\FFF\SLinux\Servers\third_lib\Poco\Environment_VMS.h' to '/root/projects/third_lib/Poco/Environment_VMS.h'
         Copying file 'D:\git\FFF\SLinux\Servers\third_lib\Poco\Environment_VX.h' to '/root/projects/third_lib/Poco/Environment_VX.h'
         Copying file 'D:\git\FFF\SLinux\Servers\third_lib\Poco\Environment_WIN32.h' to '/root/projects/third_lib/Poco/Environment_WIN32.h'
         Copying file 'D:\git\FFF\SLinux\Servers\third_lib\Poco\Environment_WIN32U.h' to '/root/projects/third_lib/Poco/Environment_WIN32U.h'
         Copying file 'D:\git\FFF\SLinux\Servers\third_lib\Poco\Environment_WINCE.h' to '/root/projects/third_lib/Poco/Environment_WINCE.h'
         Copying file 'D:\git\FFF\SLinux\Servers\third_lib\Poco\Error.h' to '/root/projects/third_lib/Poco/Error.h'
         Copying file 'D:\git\FFF\SLinux\Servers\third_lib\Poco\ErrorHandler.h' to '/root/projects/third_lib/Poco/ErrorHandler.h'
         Copying file 'D:\git\FFF\SLinux\Servers\third_lib\Poco\Event.h' to '/root/projects/third_lib/Poco/Event.h'
         Copying file 'D:\git\FFF\SLinux\Servers\third_lib\Poco\EventArgs.h' to '/root/projects/third_lib/Poco/EventArgs.h'
         Copying file 'D:\git\FFF\SLinux\Servers\third_lib\Poco\EventChannel.h' to '/root/projects/third_lib/Poco/EventChannel.h'
         Copying file 'D:\git\FFF\SLinux\Servers\third_lib\Poco\EventLogChannel.h' to '/root/projects/third_lib/Poco/EventLogChannel.h'
         Copying file 'D:\git\FFF\SLinux\Servers\third_lib\Poco\Event_POSIX.h' to '/root/projects/third_lib/Poco/Event_POSIX.h'
         Copying file 'D:\git\FFF\SLinux\Servers\third_lib\Poco\Event_VX.h' to '/root/projects/third_lib/Poco/Event_VX.h'
         Copying file 'D:\git\FFF\SLinux\Servers\third_lib\Poco\Event_WIN32.h' to '/root/projects/third_lib/Poco/Event_WIN32.h'
         Copying file 'D:\git\FFF\SLinux\Servers\third_lib\Poco\Exception.h' to '/root/projects/third_lib/Poco/Exception.h'
         Copying file 'D:\git\FFF\SLinux\Servers\third_lib\Poco\ExpirationDecorator.h' to '/root/projects/third_lib/Poco/ExpirationDecorator.h'
         Copying file 'D:\git\FFF\SLinux\Servers\third_lib\Poco\Expire.h' to '/root/projects/third_lib/Poco/Expire.h'
         Copying file 'D:\git\FFF\SLinux\Servers\third_lib\Poco\ExpireCache.h' to '/root/projects/third_lib/Poco/ExpireCache.h'
         Copying file 'D:\git\FFF\SLinux\Servers\third_lib\Poco\ExpireLRUCache.h' to '/root/projects/third_lib/Poco/ExpireLRUCache.h'
         Copying file 'D:\git\FFF\SLinux\Servers\third_lib\Poco\ExpireStrategy.h' to '/root/projects/third_lib/Poco/ExpireStrategy.h'
         Copying file 'D:\git\FFF\SLinux\Servers\third_lib\Poco\FIFOBuffer.h' to '/root/projects/third_lib/Poco/FIFOBuffer.h'
         Copying file 'D:\git\FFF\SLinux\Servers\third_lib\Poco\FIFOBufferStream.h' to '/root/projects/third_lib/Poco/FIFOBufferStream.h'
         Copying file 'D:\git\FFF\SLinux\Servers\third_lib\Poco\FIFOEvent.h' to '/root/projects/third_lib/Poco/FIFOEvent.h'
         Copying file 'D:\git\FFF\SLinux\Servers\third_lib\Poco\FIFOStrategy.h' to '/root/projects/third_lib/Poco/FIFOStrategy.h'
         Copying file 'D:\git\FFF\SLinux\Servers\third_lib\Poco\File.h' to '/root/projects/third_lib/Poco/File.h'
         Copying file 'D:\git\FFF\SLinux\Servers\third_lib\Poco\FileChannel.h' to '/root/projects/third_lib/Poco/FileChannel.h'
         Copying file 'D:\git\FFF\SLinux\Servers\third_lib\Poco\FileStream.h' to '/root/projects/third_lib/Poco/FileStream.h'
         Copying file 'D:\git\FFF\SLinux\Servers\third_lib\Poco\FileStreamFactory.h' to '/root/projects/third_lib/Poco/FileStreamFactory.h'
         Copying file 'D:\git\FFF\SLinux\Servers\third_lib\Poco\FileStream_POSIX.h' to '/root/projects/third_lib/Poco/FileStream_POSIX.h'
         Copying file 'D:\git\FFF\SLinux\Servers\third_lib\Poco\FileStream_WIN32.h' to '/root/projects/third_lib/Poco/FileStream_WIN32.h'
         Copying file 'D:\git\FFF\SLinux\Servers\third_lib\Poco\File_UNIX.h' to '/root/projects/third_lib/Poco/File_UNIX.h'
         Copying file 'D:\git\FFF\SLinux\Servers\third_lib\Poco\File_VMS.h' to '/root/projects/third_lib/Poco/File_VMS.h'
         Copying file 'D:\git\FFF\SLinux\Servers\third_lib\Poco\File_VX.h' to '/root/projects/third_lib/Poco/File_VX.h'
         Copying file 'D:\git\FFF\SLinux\Servers\third_lib\Poco\File_WIN32.h' to '/root/projects/third_lib/Poco/File_WIN32.h'
         Copying file 'D:\git\FFF\SLinux\Servers\third_lib\Poco\File_WIN32U.h' to '/root/projects/third_lib/Poco/File_WIN32U.h'
         Copying file 'D:\git\FFF\SLinux\Servers\third_lib\Poco\File_WINCE.h' to '/root/projects/third_lib/Poco/File_WINCE.h'
         Copying file 'D:\git\FFF\SLinux\Servers\third_lib\Poco\Format.h' to '/root/projects/third_lib/Poco/Format.h'
         Copying file 'D:\git\FFF\SLinux\Servers\third_lib\Poco\Formatter.h' to '/root/projects/third_lib/Poco/Formatter.h'
         Copying file 'D:\git\FFF\SLinux\Servers\third_lib\Poco\FormattingChannel.h' to '/root/projects/third_lib/Poco/FormattingChannel.h'
         Copying file 'D:\git\FFF\SLinux\Servers\third_lib\Poco\Foundation.h' to '/root/projects/third_lib/Poco/Foundation.h'
         Copying file 'D:\git\FFF\SLinux\Servers\third_lib\Poco\FPEnvironment.h' to '/root/projects/third_lib/Poco/FPEnvironment.h'
         Copying file 'D:\git\FFF\SLinux\Servers\third_lib\Poco\FPEnvironment_C99.h' to '/root/projects/third_lib/Poco/FPEnvironment_C99.h'
         Copying file 'D:\git\FFF\SLinux\Servers\third_lib\Poco\FPEnvironment_DEC.h' to '/root/projects/third_lib/Poco/FPEnvironment_DEC.h'
         Copying file 'D:\git\FFF\SLinux\Servers\third_lib\Poco\FPEnvironment_DUMMY.h' to '/root/projects/third_lib/Poco/FPEnvironment_DUMMY.h'
         Copying file 'D:\git\FFF\SLinux\Servers\third_lib\Poco\FPEnvironment_SUN.h' to '/root/projects/third_lib/Poco/FPEnvironment_SUN.h'
         Copying file 'D:\git\FFF\SLinux\Servers\third_lib\Poco\FPEnvironment_WIN32.h' to '/root/projects/third_lib/Poco/FPEnvironment_WIN32.h'
         Copying file 'D:\git\FFF\SLinux\Servers\third_lib\Poco\FunctionDelegate.h' to '/root/projects/third_lib/Poco/FunctionDelegate.h'
         Copying file 'D:\git\FFF\SLinux\Servers\third_lib\Poco\FunctionPriorityDelegate.h' to '/root/projects/third_lib/Poco/FunctionPriorityDelegate.h'
         Copying file 'D:\git\FFF\SLinux\Servers\third_lib\Poco\Glob.h' to '/root/projects/third_lib/Poco/Glob.h'
         Copying file 'D:\git\FFF\SLinux\Servers\third_lib\Poco\Hash.h' to '/root/projects/third_lib/Poco/Hash.h'
         Copying file 'D:\git\FFF\SLinux\Servers\third_lib\Poco\HashFunction.h' to '/root/projects/third_lib/Poco/HashFunction.h'
         Copying file 'D:\git\FFF\SLinux\Servers\third_lib\Poco\HashMap.h' to '/root/projects/third_lib/Poco/HashMap.h'
         Copying file 'D:\git\FFF\SLinux\Servers\third_lib\Poco\HashSet.h' to '/root/projects/third_lib/Poco/HashSet.h'
         Copying file 'D:\git\FFF\SLinux\Servers\third_lib\Poco\HashStatistic.h' to '/root/projects/third_lib/Poco/HashStatistic.h'
         Copying file 'D:\git\FFF\SLinux\Servers\third_lib\Poco\HashTable.h' to '/root/projects/third_lib/Poco/HashTable.h'
         Copying file 'D:\git\FFF\SLinux\Servers\third_lib\Poco\HexBinaryDecoder.h' to '/root/projects/third_lib/Poco/HexBinaryDecoder.h'
         Copying file 'D:\git\FFF\SLinux\Servers\third_lib\Poco\HexBinaryEncoder.h' to '/root/projects/third_lib/Poco/HexBinaryEncoder.h'
         Copying file 'D:\git\FFF\SLinux\Servers\third_lib\Poco\HMACEngine.h' to '/root/projects/third_lib/Poco/HMACEngine.h'
         Copying file 'D:\git\FFF\SLinux\Servers\third_lib\Poco\InflatingStream.h' to '/root/projects/third_lib/Poco/InflatingStream.h'
         Copying file 'D:\git\FFF\SLinux\Servers\third_lib\Poco\Instantiator.h' to '/root/projects/third_lib/Poco/Instantiator.h'
         Copying file 'D:\git\FFF\SLinux\Servers\third_lib\Poco\KeyValueArgs.h' to '/root/projects/third_lib/Poco/KeyValueArgs.h'
         Copying file 'D:\git\FFF\SLinux\Servers\third_lib\Poco\Latin1Encoding.h' to '/root/projects/third_lib/Poco/Latin1Encoding.h'
         Copying file 'D:\git\FFF\SLinux\Servers\third_lib\Poco\Latin2Encoding.h' to '/root/projects/third_lib/Poco/Latin2Encoding.h'
         Copying file 'D:\git\FFF\SLinux\Servers\third_lib\Poco\Latin9Encoding.h' to '/root/projects/third_lib/Poco/Latin9Encoding.h'
         Copying file 'D:\git\FFF\SLinux\Servers\third_lib\Poco\LinearHashTable.h' to '/root/projects/third_lib/Poco/LinearHashTable.h'
         Copying file 'D:\git\FFF\SLinux\Servers\third_lib\Poco\LineEndingConverter.h' to '/root/projects/third_lib/Poco/LineEndingConverter.h'
         Copying file 'D:\git\FFF\SLinux\Servers\third_lib\Poco\ListMap.h' to '/root/projects/third_lib/Poco/ListMap.h'
         Copying file 'D:\git\FFF\SLinux\Servers\third_lib\Poco\LocalDateTime.h' to '/root/projects/third_lib/Poco/LocalDateTime.h'
         Copying file 'D:\git\FFF\SLinux\Servers\third_lib\Poco\LogFile.h' to '/root/projects/third_lib/Poco/LogFile.h'
         Copying file 'D:\git\FFF\SLinux\Servers\third_lib\Poco\LogFile_STD.h' to '/root/projects/third_lib/Poco/LogFile_STD.h'
         Copying file 'D:\git\FFF\SLinux\Servers\third_lib\Poco\LogFile_VMS.h' to '/root/projects/third_lib/Poco/LogFile_VMS.h'
         Copying file 'D:\git\FFF\SLinux\Servers\third_lib\Poco\LogFile_WIN32.h' to '/root/projects/third_lib/Poco/LogFile_WIN32.h'
         Copying file 'D:\git\FFF\SLinux\Servers\third_lib\Poco\LogFile_WIN32U.h' to '/root/projects/third_lib/Poco/LogFile_WIN32U.h'
         Copying file 'D:\git\FFF\SLinux\Servers\third_lib\Poco\Logger.h' to '/root/projects/third_lib/Poco/Logger.h'
         Copying file 'D:\git\FFF\SLinux\Servers\third_lib\Poco\LoggingFactory.h' to '/root/projects/third_lib/Poco/LoggingFactory.h'
         Copying file 'D:\git\FFF\SLinux\Servers\third_lib\Poco\LoggingRegistry.h' to '/root/projects/third_lib/Poco/LoggingRegistry.h'
         Copying file 'D:\git\FFF\SLinux\Servers\third_lib\Poco\LogStream.h' to '/root/projects/third_lib/Poco/LogStream.h'
         Copying file 'D:\git\FFF\SLinux\Servers\third_lib\Poco\LRUCache.h' to '/root/projects/third_lib/Poco/LRUCache.h'
         Copying file 'D:\git\FFF\SLinux\Servers\third_lib\Poco\LRUStrategy.h' to '/root/projects/third_lib/Poco/LRUStrategy.h'
         Copying file 'D:\git\FFF\SLinux\Servers\third_lib\Poco\Manifest.h' to '/root/projects/third_lib/Poco/Manifest.h'
         Copying file 'D:\git\FFF\SLinux\Servers\third_lib\Poco\MD4Engine.h' to '/root/projects/third_lib/Poco/MD4Engine.h'
         Copying file 'D:\git\FFF\SLinux\Servers\third_lib\Poco\MD5Engine.h' to '/root/projects/third_lib/Poco/MD5Engine.h'
         Copying file 'D:\git\FFF\SLinux\Servers\third_lib\Poco\MemoryPool.h' to '/root/projects/third_lib/Poco/MemoryPool.h'
         Copying file 'D:\git\FFF\SLinux\Servers\third_lib\Poco\MemoryStream.h' to '/root/projects/third_lib/Poco/MemoryStream.h'
         Copying file 'D:\git\FFF\SLinux\Servers\third_lib\Poco\Message.h' to '/root/projects/third_lib/Poco/Message.h'
         Copying file 'D:\git\FFF\SLinux\Servers\third_lib\Poco\MetaObject.h' to '/root/projects/third_lib/Poco/MetaObject.h'
         Copying file 'D:\git\FFF\SLinux\Servers\third_lib\Poco\MetaProgramming.h' to '/root/projects/third_lib/Poco/MetaProgramming.h'
         Copying file 'D:\git\FFF\SLinux\Servers\third_lib\Poco\Mutex.h' to '/root/projects/third_lib/Poco/Mutex.h'
         Copying file 'D:\git\FFF\SLinux\Servers\third_lib\Poco\Mutex_POSIX.h' to '/root/projects/third_lib/Poco/Mutex_POSIX.h'
         Copying file 'D:\git\FFF\SLinux\Servers\third_lib\Poco\Mutex_VX.h' to '/root/projects/third_lib/Poco/Mutex_VX.h'
         Copying file 'D:\git\FFF\SLinux\Servers\third_lib\Poco\Mutex_WIN32.h' to '/root/projects/third_lib/Poco/Mutex_WIN32.h'
         Copying file 'D:\git\FFF\SLinux\Servers\third_lib\Poco\Mutex_WINCE.h' to '/root/projects/third_lib/Poco/Mutex_WINCE.h'
         Copying file 'D:\git\FFF\SLinux\Servers\third_lib\Poco\NamedEvent.h' to '/root/projects/third_lib/Poco/NamedEvent.h'
         Copying file 'D:\git\FFF\SLinux\Servers\third_lib\Poco\NamedEvent_Android.h' to '/root/projects/third_lib/Poco/NamedEvent_Android.h'
         Copying file 'D:\git\FFF\SLinux\Servers\third_lib\Poco\NamedEvent_UNIX.h' to '/root/projects/third_lib/Poco/NamedEvent_UNIX.h'
         Copying file 'D:\git\FFF\SLinux\Servers\third_lib\Poco\NamedEvent_VMS.h' to '/root/projects/third_lib/Poco/NamedEvent_VMS.h'
         Copying file 'D:\git\FFF\SLinux\Servers\third_lib\Poco\NamedEvent_WIN32.h' to '/root/projects/third_lib/Poco/NamedEvent_WIN32.h'
         Copying file 'D:\git\FFF\SLinux\Servers\third_lib\Poco\NamedEvent_WIN32U.h' to '/root/projects/third_lib/Poco/NamedEvent_WIN32U.h'
         Copying file 'D:\git\FFF\SLinux\Servers\third_lib\Poco\NamedMutex.h' to '/root/projects/third_lib/Poco/NamedMutex.h'
         Copying file 'D:\git\FFF\SLinux\Servers\third_lib\Poco\NamedMutex_Android.h' to '/root/projects/third_lib/Poco/NamedMutex_Android.h'
         Copying file 'D:\git\FFF\SLinux\Servers\third_lib\Poco\NamedMutex_UNIX.h' to '/root/projects/third_lib/Poco/NamedMutex_UNIX.h'
         Copying file 'D:\git\FFF\SLinux\Servers\third_lib\Poco\NamedMutex_VMS.h' to '/root/projects/third_lib/Poco/NamedMutex_VMS.h'
         Copying file 'D:\git\FFF\SLinux\Servers\third_lib\Poco\NamedMutex_WIN32.h' to '/root/projects/third_lib/Poco/NamedMutex_WIN32.h'
         Copying file 'D:\git\FFF\SLinux\Servers\third_lib\Poco\NamedMutex_WIN32U.h' to '/root/projects/third_lib/Poco/NamedMutex_WIN32U.h'
         Copying file 'D:\git\FFF\SLinux\Servers\third_lib\Poco\NamedTuple.h' to '/root/projects/third_lib/Poco/NamedTuple.h'
         Copying file 'D:\git\FFF\SLinux\Servers\third_lib\Poco\NestedDiagnosticContext.h' to '/root/projects/third_lib/Poco/NestedDiagnosticContext.h'
         Copying file 'D:\git\FFF\SLinux\Servers\third_lib\Poco\Net\AbstractHTTPRequestHandler.h' to '/root/projects/third_lib/Poco/Net/AbstractHTTPRequestHandler.h'
         Copying file 'D:\git\FFF\SLinux\Servers\third_lib\Poco\Net\DatagramSocket.h' to '/root/projects/third_lib/Poco/Net/DatagramSocket.h'
         Copying file 'D:\git\FFF\SLinux\Servers\third_lib\Poco\Net\DatagramSocketImpl.h' to '/root/projects/third_lib/Poco/Net/DatagramSocketImpl.h'
         Copying file 'D:\git\FFF\SLinux\Servers\third_lib\Poco\Net\DialogSocket.h' to '/root/projects/third_lib/Poco/Net/DialogSocket.h'
         Copying file 'D:\git\FFF\SLinux\Servers\third_lib\Poco\Net\DNS.h' to '/root/projects/third_lib/Poco/Net/DNS.h'
         Copying file 'D:\git\FFF\SLinux\Servers\third_lib\Poco\Net\FilePartSource.h' to '/root/projects/third_lib/Poco/Net/FilePartSource.h'
         Copying file 'D:\git\FFF\SLinux\Servers\third_lib\Poco\Net\FTPClientSession.h' to '/root/projects/third_lib/Poco/Net/FTPClientSession.h'
         Copying file 'D:\git\FFF\SLinux\Servers\third_lib\Poco\Net\FTPStreamFactory.h' to '/root/projects/third_lib/Poco/Net/FTPStreamFactory.h'
         Copying file 'D:\git\FFF\SLinux\Servers\third_lib\Poco\Net\HostEntry.h' to '/root/projects/third_lib/Poco/Net/HostEntry.h'
         Copying file 'D:\git\FFF\SLinux\Servers\third_lib\Poco\Net\HTMLForm.h' to '/root/projects/third_lib/Poco/Net/HTMLForm.h'
         Copying file 'D:\git\FFF\SLinux\Servers\third_lib\Poco\Net\HTTPAuthenticationParams.h' to '/root/projects/third_lib/Poco/Net/HTTPAuthenticationParams.h'
         Copying file 'D:\git\FFF\SLinux\Servers\third_lib\Poco\Net\HTTPBasicCredentials.h' to '/root/projects/third_lib/Poco/Net/HTTPBasicCredentials.h'
         Copying file 'D:\git\FFF\SLinux\Servers\third_lib\Poco\Net\HTTPBasicStreamBuf.h' to '/root/projects/third_lib/Poco/Net/HTTPBasicStreamBuf.h'
         Copying file 'D:\git\FFF\SLinux\Servers\third_lib\Poco\Net\HTTPBufferAllocator.h' to '/root/projects/third_lib/Poco/Net/HTTPBufferAllocator.h'
         Copying file 'D:\git\FFF\SLinux\Servers\third_lib\Poco\Net\HTTPChunkedStream.h' to '/root/projects/third_lib/Poco/Net/HTTPChunkedStream.h'
         Copying file 'D:\git\FFF\SLinux\Servers\third_lib\Poco\Net\HTTPClientSession.h' to '/root/projects/third_lib/Poco/Net/HTTPClientSession.h'
         Copying file 'D:\git\FFF\SLinux\Servers\third_lib\Poco\Net\HTTPCookie.h' to '/root/projects/third_lib/Poco/Net/HTTPCookie.h'
         Copying file 'D:\git\FFF\SLinux\Servers\third_lib\Poco\Net\HTTPCredentials.h' to '/root/projects/third_lib/Poco/Net/HTTPCredentials.h'
         Copying file 'D:\git\FFF\SLinux\Servers\third_lib\Poco\Net\HTTPDigestCredentials.h' to '/root/projects/third_lib/Poco/Net/HTTPDigestCredentials.h'
         Copying file 'D:\git\FFF\SLinux\Servers\third_lib\Poco\Net\HTTPFixedLengthStream.h' to '/root/projects/third_lib/Poco/Net/HTTPFixedLengthStream.h'
         Copying file 'D:\git\FFF\SLinux\Servers\third_lib\Poco\Net\HTTPHeaderStream.h' to '/root/projects/third_lib/Poco/Net/HTTPHeaderStream.h'
         Copying file 'D:\git\FFF\SLinux\Servers\third_lib\Poco\Net\HTTPIOStream.h' to '/root/projects/third_lib/Poco/Net/HTTPIOStream.h'
         Copying file 'D:\git\FFF\SLinux\Servers\third_lib\Poco\Net\HTTPMessage.h' to '/root/projects/third_lib/Poco/Net/HTTPMessage.h'
         Copying file 'D:\git\FFF\SLinux\Servers\third_lib\Poco\Net\HTTPRequest.h' to '/root/projects/third_lib/Poco/Net/HTTPRequest.h'
         Copying file 'D:\git\FFF\SLinux\Servers\third_lib\Poco\Net\HTTPRequestHandler.h' to '/root/projects/third_lib/Poco/Net/HTTPRequestHandler.h'
         Copying file 'D:\git\FFF\SLinux\Servers\third_lib\Poco\Net\HTTPRequestHandlerFactory.h' to '/root/projects/third_lib/Poco/Net/HTTPRequestHandlerFactory.h'
         Copying file 'D:\git\FFF\SLinux\Servers\third_lib\Poco\Net\HTTPResponse.h' to '/root/projects/third_lib/Poco/Net/HTTPResponse.h'
         Copying file 'D:\git\FFF\SLinux\Servers\third_lib\Poco\Net\HTTPServer.h' to '/root/projects/third_lib/Poco/Net/HTTPServer.h'
         Copying file 'D:\git\FFF\SLinux\Servers\third_lib\Poco\Net\HTTPServerConnection.h' to '/root/projects/third_lib/Poco/Net/HTTPServerConnection.h'
         Copying file 'D:\git\FFF\SLinux\Servers\third_lib\Poco\Net\HTTPServerConnectionFactory.h' to '/root/projects/third_lib/Poco/Net/HTTPServerConnectionFactory.h'
         Copying file 'D:\git\FFF\SLinux\Servers\third_lib\Poco\Net\HTTPServerParams.h' to '/root/projects/third_lib/Poco/Net/HTTPServerParams.h'
         Copying file 'D:\git\FFF\SLinux\Servers\third_lib\Poco\Net\HTTPServerRequest.h' to '/root/projects/third_lib/Poco/Net/HTTPServerRequest.h'
         Copying file 'D:\git\FFF\SLinux\Servers\third_lib\Poco\Net\HTTPServerRequestImpl.h' to '/root/projects/third_lib/Poco/Net/HTTPServerRequestImpl.h'
         Copying file 'D:\git\FFF\SLinux\Servers\third_lib\Poco\Net\HTTPServerResponse.h' to '/root/projects/third_lib/Poco/Net/HTTPServerResponse.h'
         Copying file 'D:\git\FFF\SLinux\Servers\third_lib\Poco\Net\HTTPServerResponseImpl.h' to '/root/projects/third_lib/Poco/Net/HTTPServerResponseImpl.h'
         Copying file 'D:\git\FFF\SLinux\Servers\third_lib\Poco\Net\HTTPServerSession.h' to '/root/projects/third_lib/Poco/Net/HTTPServerSession.h'
         Copying file 'D:\git\FFF\SLinux\Servers\third_lib\Poco\Net\HTTPSession.h' to '/root/projects/third_lib/Poco/Net/HTTPSession.h'
         Copying file 'D:\git\FFF\SLinux\Servers\third_lib\Poco\Net\HTTPSessionFactory.h' to '/root/projects/third_lib/Poco/Net/HTTPSessionFactory.h'
         Copying file 'D:\git\FFF\SLinux\Servers\third_lib\Poco\Net\HTTPSessionInstantiator.h' to '/root/projects/third_lib/Poco/Net/HTTPSessionInstantiator.h'
         Copying file 'D:\git\FFF\SLinux\Servers\third_lib\Poco\Net\HTTPStream.h' to '/root/projects/third_lib/Poco/Net/HTTPStream.h'
         Copying file 'D:\git\FFF\SLinux\Servers\third_lib\Poco\Net\HTTPStreamFactory.h' to '/root/projects/third_lib/Poco/Net/HTTPStreamFactory.h'
         Copying file 'D:\git\FFF\SLinux\Servers\third_lib\Poco\Net\ICMPClient.h' to '/root/projects/third_lib/Poco/Net/ICMPClient.h'
         Copying file 'D:\git\FFF\SLinux\Servers\third_lib\Poco\Net\ICMPEventArgs.h' to '/root/projects/third_lib/Poco/Net/ICMPEventArgs.h'
         Copying file 'D:\git\FFF\SLinux\Servers\third_lib\Poco\Net\ICMPPacket.h' to '/root/projects/third_lib/Poco/Net/ICMPPacket.h'
         Copying file 'D:\git\FFF\SLinux\Servers\third_lib\Poco\Net\ICMPPacketImpl.h' to '/root/projects/third_lib/Poco/Net/ICMPPacketImpl.h'
         Copying file 'D:\git\FFF\SLinux\Servers\third_lib\Poco\Net\ICMPSocket.h' to '/root/projects/third_lib/Poco/Net/ICMPSocket.h'
         Copying file 'D:\git\FFF\SLinux\Servers\third_lib\Poco\Net\ICMPSocketImpl.h' to '/root/projects/third_lib/Poco/Net/ICMPSocketImpl.h'
         Copying file 'D:\git\FFF\SLinux\Servers\third_lib\Poco\Net\ICMPv4PacketImpl.h' to '/root/projects/third_lib/Poco/Net/ICMPv4PacketImpl.h'
         Copying file 'D:\git\FFF\SLinux\Servers\third_lib\Poco\Net\IPAddress.h' to '/root/projects/third_lib/Poco/Net/IPAddress.h'
         Copying file 'D:\git\FFF\SLinux\Servers\third_lib\Poco\Net\IPAddressImpl.h' to '/root/projects/third_lib/Poco/Net/IPAddressImpl.h'
         Copying file 'D:\git\FFF\SLinux\Servers\third_lib\Poco\Net\MailMessage.h' to '/root/projects/third_lib/Poco/Net/MailMessage.h'
         Copying file 'D:\git\FFF\SLinux\Servers\third_lib\Poco\Net\MailRecipient.h' to '/root/projects/third_lib/Poco/Net/MailRecipient.h'
         Copying file 'D:\git\FFF\SLinux\Servers\third_lib\Poco\Net\MailStream.h' to '/root/projects/third_lib/Poco/Net/MailStream.h'
         Copying file 'D:\git\FFF\SLinux\Servers\third_lib\Poco\Net\MediaType.h' to '/root/projects/third_lib/Poco/Net/MediaType.h'
         Copying file 'D:\git\FFF\SLinux\Servers\third_lib\Poco\Net\MessageHeader.h' to '/root/projects/third_lib/Poco/Net/MessageHeader.h'
         Copying file 'D:\git\FFF\SLinux\Servers\third_lib\Poco\Net\MulticastSocket.h' to '/root/projects/third_lib/Poco/Net/MulticastSocket.h'
         Copying file 'D:\git\FFF\SLinux\Servers\third_lib\Poco\Net\MultipartReader.h' to '/root/projects/third_lib/Poco/Net/MultipartReader.h'
         Copying file 'D:\git\FFF\SLinux\Servers\third_lib\Poco\Net\MultipartWriter.h' to '/root/projects/third_lib/Poco/Net/MultipartWriter.h'
         Copying file 'D:\git\FFF\SLinux\Servers\third_lib\Poco\Net\NameValueCollection.h' to '/root/projects/third_lib/Poco/Net/NameValueCollection.h'
         Copying file 'D:\git\FFF\SLinux\Servers\third_lib\Poco\Net\Net.h' to '/root/projects/third_lib/Poco/Net/Net.h'
         Copying file 'D:\git\FFF\SLinux\Servers\third_lib\Poco\Net\NetException.h' to '/root/projects/third_lib/Poco/Net/NetException.h'
         Copying file 'D:\git\FFF\SLinux\Servers\third_lib\Poco\Net\NetworkInterface.h' to '/root/projects/third_lib/Poco/Net/NetworkInterface.h'
         Copying file 'D:\git\FFF\SLinux\Servers\third_lib\Poco\Net\NTPClient.h' to '/root/projects/third_lib/Poco/Net/NTPClient.h'
         Copying file 'D:\git\FFF\SLinux\Servers\third_lib\Poco\Net\NTPEventArgs.h' to '/root/projects/third_lib/Poco/Net/NTPEventArgs.h'
         Copying file 'D:\git\FFF\SLinux\Servers\third_lib\Poco\Net\NTPPacket.h' to '/root/projects/third_lib/Poco/Net/NTPPacket.h'
         Copying file 'D:\git\FFF\SLinux\Servers\third_lib\Poco\Net\NullPartHandler.h' to '/root/projects/third_lib/Poco/Net/NullPartHandler.h'
         Copying file 'D:\git\FFF\SLinux\Servers\third_lib\Poco\Net\OAuth10Credentials.h' to '/root/projects/third_lib/Poco/Net/OAuth10Credentials.h'
         Copying file 'D:\git\FFF\SLinux\Servers\third_lib\Poco\Net\OAuth20Credentials.h' to '/root/projects/third_lib/Poco/Net/OAuth20Credentials.h'
         Copying file 'D:\git\FFF\SLinux\Servers\third_lib\Poco\Net\ParallelSocketAcceptor.h' to '/root/projects/third_lib/Poco/Net/ParallelSocketAcceptor.h'
         Copying file 'D:\git\FFF\SLinux\Servers\third_lib\Poco\Net\ParallelSocketReactor.h' to '/root/projects/third_lib/Poco/Net/ParallelSocketReactor.h'
         Copying file 'D:\git\FFF\SLinux\Servers\third_lib\Poco\Net\PartHandler.h' to '/root/projects/third_lib/Poco/Net/PartHandler.h'
         Copying file 'D:\git\FFF\SLinux\Servers\third_lib\Poco\Net\PartSource.h' to '/root/projects/third_lib/Poco/Net/PartSource.h'
         Copying file 'D:\git\FFF\SLinux\Servers\third_lib\Poco\Net\PartStore.h' to '/root/projects/third_lib/Poco/Net/PartStore.h'
         Copying file 'D:\git\FFF\SLinux\Servers\third_lib\Poco\Net\POP3ClientSession.h' to '/root/projects/third_lib/Poco/Net/POP3ClientSession.h'
         Copying file 'D:\git\FFF\SLinux\Servers\third_lib\Poco\Net\QuotedPrintableDecoder.h' to '/root/projects/third_lib/Poco/Net/QuotedPrintableDecoder.h'
         Copying file 'D:\git\FFF\SLinux\Servers\third_lib\Poco\Net\QuotedPrintableEncoder.h' to '/root/projects/third_lib/Poco/Net/QuotedPrintableEncoder.h'
         Copying file 'D:\git\FFF\SLinux\Servers\third_lib\Poco\Net\RawSocket.h' to '/root/projects/third_lib/Poco/Net/RawSocket.h'
         Copying file 'D:\git\FFF\SLinux\Servers\third_lib\Poco\Net\RawSocketImpl.h' to '/root/projects/third_lib/Poco/Net/RawSocketImpl.h'
         Copying file 'D:\git\FFF\SLinux\Servers\third_lib\Poco\Net\RemoteSyslogChannel.h' to '/root/projects/third_lib/Poco/Net/RemoteSyslogChannel.h'
         Copying file 'D:\git\FFF\SLinux\Servers\third_lib\Poco\Net\RemoteSyslogListener.h' to '/root/projects/third_lib/Poco/Net/RemoteSyslogListener.h'
         Copying file 'D:\git\FFF\SLinux\Servers\third_lib\Poco\Net\ServerSocket.h' to '/root/projects/third_lib/Poco/Net/ServerSocket.h'
         Copying file 'D:\git\FFF\SLinux\Servers\third_lib\Poco\Net\ServerSocketImpl.h' to '/root/projects/third_lib/Poco/Net/ServerSocketImpl.h'
         Copying file 'D:\git\FFF\SLinux\Servers\third_lib\Poco\Net\SMTPChannel.h' to '/root/projects/third_lib/Poco/Net/SMTPChannel.h'
         Copying file 'D:\git\FFF\SLinux\Servers\third_lib\Poco\Net\SMTPClientSession.h' to '/root/projects/third_lib/Poco/Net/SMTPClientSession.h'
         Copying file 'D:\git\FFF\SLinux\Servers\third_lib\Poco\Net\Socket.h' to '/root/projects/third_lib/Poco/Net/Socket.h'
         Copying file 'D:\git\FFF\SLinux\Servers\third_lib\Poco\Net\SocketAcceptor.h' to '/root/projects/third_lib/Poco/Net/SocketAcceptor.h'
         Copying file 'D:\git\FFF\SLinux\Servers\third_lib\Poco\Net\SocketAddress.h' to '/root/projects/third_lib/Poco/Net/SocketAddress.h'
         Copying file 'D:\git\FFF\SLinux\Servers\third_lib\Poco\Net\SocketAddressImpl.h' to '/root/projects/third_lib/Poco/Net/SocketAddressImpl.h'
         Copying file 'D:\git\FFF\SLinux\Servers\third_lib\Poco\Net\SocketConnector.h' to '/root/projects/third_lib/Poco/Net/SocketConnector.h'
         Copying file 'D:\git\FFF\SLinux\Servers\third_lib\Poco\Net\SocketDefs.h' to '/root/projects/third_lib/Poco/Net/SocketDefs.h'
         Copying file 'D:\git\FFF\SLinux\Servers\third_lib\Poco\Net\SocketImpl.h' to '/root/projects/third_lib/Poco/Net/SocketImpl.h'
         Copying file 'D:\git\FFF\SLinux\Servers\third_lib\Poco\Net\SocketNotification.h' to '/root/projects/third_lib/Poco/Net/SocketNotification.h'
         Copying file 'D:\git\FFF\SLinux\Servers\third_lib\Poco\Net\SocketNotifier.h' to '/root/projects/third_lib/Poco/Net/SocketNotifier.h'
         Copying file 'D:\git\FFF\SLinux\Servers\third_lib\Poco\Net\SocketReactor.h' to '/root/projects/third_lib/Poco/Net/SocketReactor.h'
         Copying file 'D:\git\FFF\SLinux\Servers\third_lib\Poco\Net\SocketStream.h' to '/root/projects/third_lib/Poco/Net/SocketStream.h'
         Copying file 'D:\git\FFF\SLinux\Servers\third_lib\Poco\Net\StreamSocket.h' to '/root/projects/third_lib/Poco/Net/StreamSocket.h'
         Copying file 'D:\git\FFF\SLinux\Servers\third_lib\Poco\Net\StreamSocketImpl.h' to '/root/projects/third_lib/Poco/Net/StreamSocketImpl.h'
         Copying file 'D:\git\FFF\SLinux\Servers\third_lib\Poco\Net\StringPartSource.h' to '/root/projects/third_lib/Poco/Net/StringPartSource.h'
         Copying file 'D:\git\FFF\SLinux\Servers\third_lib\Poco\Net\TCPServer.h' to '/root/projects/third_lib/Poco/Net/TCPServer.h'
         Copying file 'D:\git\FFF\SLinux\Servers\third_lib\Poco\Net\TCPServerConnection.h' to '/root/projects/third_lib/Poco/Net/TCPServerConnection.h'
         Copying file 'D:\git\FFF\SLinux\Servers\third_lib\Poco\Net\TCPServerConnectionFactory.h' to '/root/projects/third_lib/Poco/Net/TCPServerConnectionFactory.h'
         Copying file 'D:\git\FFF\SLinux\Servers\third_lib\Poco\Net\TCPServerDispatcher.h' to '/root/projects/third_lib/Poco/Net/TCPServerDispatcher.h'
         Copying file 'D:\git\FFF\SLinux\Servers\third_lib\Poco\Net\TCPServerParams.h' to '/root/projects/third_lib/Poco/Net/TCPServerParams.h'
         Copying file 'D:\git\FFF\SLinux\Servers\third_lib\Poco\Net\WebSocket.h' to '/root/projects/third_lib/Poco/Net/WebSocket.h'
         Copying file 'D:\git\FFF\SLinux\Servers\third_lib\Poco\Net\WebSocketImpl.h' to '/root/projects/third_lib/Poco/Net/WebSocketImpl.h'
         Copying file 'D:\git\FFF\SLinux\Servers\third_lib\Poco\NObserver.h' to '/root/projects/third_lib/Poco/NObserver.h'
         Copying file 'D:\git\FFF\SLinux\Servers\third_lib\Poco\Notification.h' to '/root/projects/third_lib/Poco/Notification.h'
         Copying file 'D:\git\FFF\SLinux\Servers\third_lib\Poco\NotificationCenter.h' to '/root/projects/third_lib/Poco/NotificationCenter.h'
         Copying file 'D:\git\FFF\SLinux\Servers\third_lib\Poco\NotificationQueue.h' to '/root/projects/third_lib/Poco/NotificationQueue.h'
         Copying file 'D:\git\FFF\SLinux\Servers\third_lib\Poco\NotificationStrategy.h' to '/root/projects/third_lib/Poco/NotificationStrategy.h'
         Copying file 'D:\git\FFF\SLinux\Servers\third_lib\Poco\Nullable.h' to '/root/projects/third_lib/Poco/Nullable.h'
         Copying file 'D:\git\FFF\SLinux\Servers\third_lib\Poco\NullChannel.h' to '/root/projects/third_lib/Poco/NullChannel.h'
         Copying file 'D:\git\FFF\SLinux\Servers\third_lib\Poco\NullStream.h' to '/root/projects/third_lib/Poco/NullStream.h'
         Copying file 'D:\git\FFF\SLinux\Servers\third_lib\Poco\NumberFormatter.h' to '/root/projects/third_lib/Poco/NumberFormatter.h'
         Copying file 'D:\git\FFF\SLinux\Servers\third_lib\Poco\NumberParser.h' to '/root/projects/third_lib/Poco/NumberParser.h'
         Copying file 'D:\git\FFF\SLinux\Servers\third_lib\Poco\NumericString.h' to '/root/projects/third_lib/Poco/NumericString.h'
         Copying file 'D:\git\FFF\SLinux\Servers\third_lib\Poco\ObjectPool.h' to '/root/projects/third_lib/Poco/ObjectPool.h'
         Copying file 'D:\git\FFF\SLinux\Servers\third_lib\Poco\Observer.h' to '/root/projects/third_lib/Poco/Observer.h'
         Copying file 'D:\git\FFF\SLinux\Servers\third_lib\Poco\OpcomChannel.h' to '/root/projects/third_lib/Poco/OpcomChannel.h'
         Copying file 'D:\git\FFF\SLinux\Servers\third_lib\Poco\Optional.h' to '/root/projects/third_lib/Poco/Optional.h'
         Copying file 'D:\git\FFF\SLinux\Servers\third_lib\Poco\Path.h' to '/root/projects/third_lib/Poco/Path.h'
         Copying file 'D:\git\FFF\SLinux\Servers\third_lib\Poco\Path_UNIX.h' to '/root/projects/third_lib/Poco/Path_UNIX.h'
         Copying file 'D:\git\FFF\SLinux\Servers\third_lib\Poco\Path_VMS.h' to '/root/projects/third_lib/Poco/Path_VMS.h'
         Copying file 'D:\git\FFF\SLinux\Servers\third_lib\Poco\Path_WIN32.h' to '/root/projects/third_lib/Poco/Path_WIN32.h'
         Copying file 'D:\git\FFF\SLinux\Servers\third_lib\Poco\Path_WIN32U.h' to '/root/projects/third_lib/Poco/Path_WIN32U.h'
         Copying file 'D:\git\FFF\SLinux\Servers\third_lib\Poco\Path_WINCE.h' to '/root/projects/third_lib/Poco/Path_WINCE.h'
         Copying file 'D:\git\FFF\SLinux\Servers\third_lib\Poco\PatternFormatter.h' to '/root/projects/third_lib/Poco/PatternFormatter.h'
         Copying file 'D:\git\FFF\SLinux\Servers\third_lib\Poco\PBKDF2Engine.h' to '/root/projects/third_lib/Poco/PBKDF2Engine.h'
         Copying file 'D:\git\FFF\SLinux\Servers\third_lib\Poco\Pipe.h' to '/root/projects/third_lib/Poco/Pipe.h'
         Copying file 'D:\git\FFF\SLinux\Servers\third_lib\Poco\PipeImpl.h' to '/root/projects/third_lib/Poco/PipeImpl.h'
         Copying file 'D:\git\FFF\SLinux\Servers\third_lib\Poco\PipeImpl_DUMMY.h' to '/root/projects/third_lib/Poco/PipeImpl_DUMMY.h'
         Copying file 'D:\git\FFF\SLinux\Servers\third_lib\Poco\PipeImpl_POSIX.h' to '/root/projects/third_lib/Poco/PipeImpl_POSIX.h'
         Copying file 'D:\git\FFF\SLinux\Servers\third_lib\Poco\PipeImpl_WIN32.h' to '/root/projects/third_lib/Poco/PipeImpl_WIN32.h'
         Copying file 'D:\git\FFF\SLinux\Servers\third_lib\Poco\PipeStream.h' to '/root/projects/third_lib/Poco/PipeStream.h'
         Copying file 'D:\git\FFF\SLinux\Servers\third_lib\Poco\Platform.h' to '/root/projects/third_lib/Poco/Platform.h'
         Copying file 'D:\git\FFF\SLinux\Servers\third_lib\Poco\Platform_POSIX.h' to '/root/projects/third_lib/Poco/Platform_POSIX.h'
         Copying file 'D:\git\FFF\SLinux\Servers\third_lib\Poco\Platform_VMS.h' to '/root/projects/third_lib/Poco/Platform_VMS.h'
         Copying file 'D:\git\FFF\SLinux\Servers\third_lib\Poco\Platform_VX.h' to '/root/projects/third_lib/Poco/Platform_VX.h'
         Copying file 'D:\git\FFF\SLinux\Servers\third_lib\Poco\Platform_WIN32.h' to '/root/projects/third_lib/Poco/Platform_WIN32.h'
         Copying file 'D:\git\FFF\SLinux\Servers\third_lib\Poco\Poco.h' to '/root/projects/third_lib/Poco/Poco.h'
         Copying file 'D:\git\FFF\SLinux\Servers\third_lib\Poco\PriorityDelegate.h' to '/root/projects/third_lib/Poco/PriorityDelegate.h'
         Copying file 'D:\git\FFF\SLinux\Servers\third_lib\Poco\PriorityEvent.h' to '/root/projects/third_lib/Poco/PriorityEvent.h'
         Copying file 'D:\git\FFF\SLinux\Servers\third_lib\Poco\PriorityExpire.h' to '/root/projects/third_lib/Poco/PriorityExpire.h'
         Copying file 'D:\git\FFF\SLinux\Servers\third_lib\Poco\PriorityNotificationQueue.h' to '/root/projects/third_lib/Poco/PriorityNotificationQueue.h'
         Copying file 'D:\git\FFF\SLinux\Servers\third_lib\Poco\PriorityStrategy.h' to '/root/projects/third_lib/Poco/PriorityStrategy.h'
         Copying file 'D:\git\FFF\SLinux\Servers\third_lib\Poco\Process.h' to '/root/projects/third_lib/Poco/Process.h'
         Copying file 'D:\git\FFF\SLinux\Servers\third_lib\Poco\Process_UNIX.h' to '/root/projects/third_lib/Poco/Process_UNIX.h'
         Copying file 'D:\git\FFF\SLinux\Servers\third_lib\Poco\Process_VMS.h' to '/root/projects/third_lib/Poco/Process_VMS.h'
         Copying file 'D:\git\FFF\SLinux\Servers\third_lib\Poco\Process_VX.h' to '/root/projects/third_lib/Poco/Process_VX.h'
         Copying file 'D:\git\FFF\SLinux\Servers\third_lib\Poco\Process_WIN32.h' to '/root/projects/third_lib/Poco/Process_WIN32.h'
         Copying file 'D:\git\FFF\SLinux\Servers\third_lib\Poco\Process_WIN32U.h' to '/root/projects/third_lib/Poco/Process_WIN32U.h'
         Copying file 'D:\git\FFF\SLinux\Servers\third_lib\Poco\Process_WINCE.h' to '/root/projects/third_lib/Poco/Process_WINCE.h'
         Copying file 'D:\git\FFF\SLinux\Servers\third_lib\Poco\PurgeStrategy.h' to '/root/projects/third_lib/Poco/PurgeStrategy.h'
         Copying file 'D:\git\FFF\SLinux\Servers\third_lib\Poco\Random.h' to '/root/projects/third_lib/Poco/Random.h'
         Copying file 'D:\git\FFF\SLinux\Servers\third_lib\Poco\RandomStream.h' to '/root/projects/third_lib/Poco/RandomStream.h'
         Copying file 'D:\git\FFF\SLinux\Servers\third_lib\Poco\RecursiveDirectoryIterator.h' to '/root/projects/third_lib/Poco/RecursiveDirectoryIterator.h'
         Copying file 'D:\git\FFF\SLinux\Servers\third_lib\Poco\RecursiveDirectoryIteratorImpl.h' to '/root/projects/third_lib/Poco/RecursiveDirectoryIteratorImpl.h'
         Copying file 'D:\git\FFF\SLinux\Servers\third_lib\Poco\RefCountedObject.h' to '/root/projects/third_lib/Poco/RefCountedObject.h'
         Copying file 'D:\git\FFF\SLinux\Servers\third_lib\Poco\RegularExpression.h' to '/root/projects/third_lib/Poco/RegularExpression.h'
         Copying file 'D:\git\FFF\SLinux\Servers\third_lib\Poco\RotateStrategy.h' to '/root/projects/third_lib/Poco/RotateStrategy.h'
         Copying file 'D:\git\FFF\SLinux\Servers\third_lib\Poco\Runnable.h' to '/root/projects/third_lib/Poco/Runnable.h'
         Copying file 'D:\git\FFF\SLinux\Servers\third_lib\Poco\RunnableAdapter.h' to '/root/projects/third_lib/Poco/RunnableAdapter.h'
         Copying file 'D:\git\FFF\SLinux\Servers\third_lib\Poco\RWLock.h' to '/root/projects/third_lib/Poco/RWLock.h'
         Copying file 'D:\git\FFF\SLinux\Servers\third_lib\Poco\RWLock_Android.h' to '/root/projects/third_lib/Poco/RWLock_Android.h'
         Copying file 'D:\git\FFF\SLinux\Servers\third_lib\Poco\RWLock_POSIX.h' to '/root/projects/third_lib/Poco/RWLock_POSIX.h'
         Copying file 'D:\git\FFF\SLinux\Servers\third_lib\Poco\RWLock_VX.h' to '/root/projects/third_lib/Poco/RWLock_VX.h'
         Copying file 'D:\git\FFF\SLinux\Servers\third_lib\Poco\RWLock_WIN32.h' to '/root/projects/third_lib/Poco/RWLock_WIN32.h'
         Copying file 'D:\git\FFF\SLinux\Servers\third_lib\Poco\RWLock_WINCE.h' to '/root/projects/third_lib/Poco/RWLock_WINCE.h'
         Copying file 'D:\git\FFF\SLinux\Servers\third_lib\Poco\ScopedLock.h' to '/root/projects/third_lib/Poco/ScopedLock.h'
         Copying file 'D:\git\FFF\SLinux\Servers\third_lib\Poco\ScopedUnlock.h' to '/root/projects/third_lib/Poco/ScopedUnlock.h'
         Copying file 'D:\git\FFF\SLinux\Servers\third_lib\Poco\Semaphore.h' to '/root/projects/third_lib/Poco/Semaphore.h'
         Copying file 'D:\git\FFF\SLinux\Servers\third_lib\Poco\Semaphore_POSIX.h' to '/root/projects/third_lib/Poco/Semaphore_POSIX.h'
         Copying file 'D:\git\FFF\SLinux\Servers\third_lib\Poco\Semaphore_VX.h' to '/root/projects/third_lib/Poco/Semaphore_VX.h'
         Copying file 'D:\git\FFF\SLinux\Servers\third_lib\Poco\Semaphore_WIN32.h' to '/root/projects/third_lib/Poco/Semaphore_WIN32.h'
         Copying file 'D:\git\FFF\SLinux\Servers\third_lib\Poco\SHA1Engine.h' to '/root/projects/third_lib/Poco/SHA1Engine.h'
         Copying file 'D:\git\FFF\SLinux\Servers\third_lib\Poco\SharedLibrary.h' to '/root/projects/third_lib/Poco/SharedLibrary.h'
         Copying file 'D:\git\FFF\SLinux\Servers\third_lib\Poco\SharedLibrary_HPUX.h' to '/root/projects/third_lib/Poco/SharedLibrary_HPUX.h'
         Copying file 'D:\git\FFF\SLinux\Servers\third_lib\Poco\SharedLibrary_UNIX.h' to '/root/projects/third_lib/Poco/SharedLibrary_UNIX.h'
         Copying file 'D:\git\FFF\SLinux\Servers\third_lib\Poco\SharedLibrary_VMS.h' to '/root/projects/third_lib/Poco/SharedLibrary_VMS.h'
         Copying file 'D:\git\FFF\SLinux\Servers\third_lib\Poco\SharedLibrary_VX.h' to '/root/projects/third_lib/Poco/SharedLibrary_VX.h'
         Copying file 'D:\git\FFF\SLinux\Servers\third_lib\Poco\SharedLibrary_WIN32.h' to '/root/projects/third_lib/Poco/SharedLibrary_WIN32.h'
         Copying file 'D:\git\FFF\SLinux\Servers\third_lib\Poco\SharedLibrary_WIN32U.h' to '/root/projects/third_lib/Poco/SharedLibrary_WIN32U.h'
         Copying file 'D:\git\FFF\SLinux\Servers\third_lib\Poco\SharedMemory.h' to '/root/projects/third_lib/Poco/SharedMemory.h'
         Copying file 'D:\git\FFF\SLinux\Servers\third_lib\Poco\SharedMemory_DUMMY.h' to '/root/projects/third_lib/Poco/SharedMemory_DUMMY.h'
         Copying file 'D:\git\FFF\SLinux\Servers\third_lib\Poco\SharedMemory_POSIX.h' to '/root/projects/third_lib/Poco/SharedMemory_POSIX.h'
         Copying file 'D:\git\FFF\SLinux\Servers\third_lib\Poco\SharedMemory_WIN32.h' to '/root/projects/third_lib/Poco/SharedMemory_WIN32.h'
         Copying file 'D:\git\FFF\SLinux\Servers\third_lib\Poco\SharedPtr.h' to '/root/projects/third_lib/Poco/SharedPtr.h'
         Copying file 'D:\git\FFF\SLinux\Servers\third_lib\Poco\SignalHandler.h' to '/root/projects/third_lib/Poco/SignalHandler.h'
         Copying file 'D:\git\FFF\SLinux\Servers\third_lib\Poco\SimpleFileChannel.h' to '/root/projects/third_lib/Poco/SimpleFileChannel.h'
         Copying file 'D:\git\FFF\SLinux\Servers\third_lib\Poco\SimpleHashTable.h' to '/root/projects/third_lib/Poco/SimpleHashTable.h'
         Copying file 'D:\git\FFF\SLinux\Servers\third_lib\Poco\SingletonHolder.h' to '/root/projects/third_lib/Poco/SingletonHolder.h'
         Copying file 'D:\git\FFF\SLinux\Servers\third_lib\Poco\SortedDirectoryIterator.h' to '/root/projects/third_lib/Poco/SortedDirectoryIterator.h'
         Copying file 'D:\git\FFF\SLinux\Servers\third_lib\Poco\SplitterChannel.h' to '/root/projects/third_lib/Poco/SplitterChannel.h'
         Copying file 'D:\git\FFF\SLinux\Servers\third_lib\Poco\Stopwatch.h' to '/root/projects/third_lib/Poco/Stopwatch.h'
         Copying file 'D:\git\FFF\SLinux\Servers\third_lib\Poco\StrategyCollection.h' to '/root/projects/third_lib/Poco/StrategyCollection.h'
         Copying file 'D:\git\FFF\SLinux\Servers\third_lib\Poco\StreamChannel.h' to '/root/projects/third_lib/Poco/StreamChannel.h'
         Copying file 'D:\git\FFF\SLinux\Servers\third_lib\Poco\StreamConverter.h' to '/root/projects/third_lib/Poco/StreamConverter.h'
         Copying file 'D:\git\FFF\SLinux\Servers\third_lib\Poco\StreamCopier.h' to '/root/projects/third_lib/Poco/StreamCopier.h'
         Copying file 'D:\git\FFF\SLinux\Servers\third_lib\Poco\StreamTokenizer.h' to '/root/projects/third_lib/Poco/StreamTokenizer.h'
         Copying file 'D:\git\FFF\SLinux\Servers\third_lib\Poco\StreamUtil.h' to '/root/projects/third_lib/Poco/StreamUtil.h'
         Copying file 'D:\git\FFF\SLinux\Servers\third_lib\Poco\String.h' to '/root/projects/third_lib/Poco/String.h'
         Copying file 'D:\git\FFF\SLinux\Servers\third_lib\Poco\StringTokenizer.h' to '/root/projects/third_lib/Poco/StringTokenizer.h'
         Copying file 'D:\git\FFF\SLinux\Servers\third_lib\Poco\SynchronizedObject.h' to '/root/projects/third_lib/Poco/SynchronizedObject.h'
         Copying file 'D:\git\FFF\SLinux\Servers\third_lib\Poco\SyslogChannel.h' to '/root/projects/third_lib/Poco/SyslogChannel.h'
         Copying file 'D:\git\FFF\SLinux\Servers\third_lib\Poco\Task.h' to '/root/projects/third_lib/Poco/Task.h'
         Copying file 'D:\git\FFF\SLinux\Servers\third_lib\Poco\TaskManager.h' to '/root/projects/third_lib/Poco/TaskManager.h'
         Copying file 'D:\git\FFF\SLinux\Servers\third_lib\Poco\TaskNotification.h' to '/root/projects/third_lib/Poco/TaskNotification.h'
         Copying file 'D:\git\FFF\SLinux\Servers\third_lib\Poco\TeeStream.h' to '/root/projects/third_lib/Poco/TeeStream.h'
         Copying file 'D:\git\FFF\SLinux\Servers\third_lib\Poco\TemporaryFile.h' to '/root/projects/third_lib/Poco/TemporaryFile.h'
         Copying file 'D:\git\FFF\SLinux\Servers\third_lib\Poco\TextBufferIterator.h' to '/root/projects/third_lib/Poco/TextBufferIterator.h'
         Copying file 'D:\git\FFF\SLinux\Servers\third_lib\Poco\TextConverter.h' to '/root/projects/third_lib/Poco/TextConverter.h'
         Copying file 'D:\git\FFF\SLinux\Servers\third_lib\Poco\TextEncoding.h' to '/root/projects/third_lib/Poco/TextEncoding.h'
         Copying file 'D:\git\FFF\SLinux\Servers\third_lib\Poco\TextIterator.h' to '/root/projects/third_lib/Poco/TextIterator.h'
         Copying file 'D:\git\FFF\SLinux\Servers\third_lib\Poco\Thread.h' to '/root/projects/third_lib/Poco/Thread.h'
         Copying file 'D:\git\FFF\SLinux\Servers\third_lib\Poco\ThreadLocal.h' to '/root/projects/third_lib/Poco/ThreadLocal.h'
         Copying file 'D:\git\FFF\SLinux\Servers\third_lib\Poco\ThreadPool.h' to '/root/projects/third_lib/Poco/ThreadPool.h'
         Copying file 'D:\git\FFF\SLinux\Servers\third_lib\Poco\ThreadTarget.h' to '/root/projects/third_lib/Poco/ThreadTarget.h'
         Copying file 'D:\git\FFF\SLinux\Servers\third_lib\Poco\Thread_POSIX.h' to '/root/projects/third_lib/Poco/Thread_POSIX.h'
         Copying file 'D:\git\FFF\SLinux\Servers\third_lib\Poco\Thread_VX.h' to '/root/projects/third_lib/Poco/Thread_VX.h'
         Copying file 'D:\git\FFF\SLinux\Servers\third_lib\Poco\Thread_WIN32.h' to '/root/projects/third_lib/Poco/Thread_WIN32.h'
         Copying file 'D:\git\FFF\SLinux\Servers\third_lib\Poco\Thread_WINCE.h' to '/root/projects/third_lib/Poco/Thread_WINCE.h'
         Copying file 'D:\git\FFF\SLinux\Servers\third_lib\Poco\TimedNotificationQueue.h' to '/root/projects/third_lib/Poco/TimedNotificationQueue.h'
         Copying file 'D:\git\FFF\SLinux\Servers\third_lib\Poco\Timer.h' to '/root/projects/third_lib/Poco/Timer.h'
         Copying file 'D:\git\FFF\SLinux\Servers\third_lib\Poco\Timespan.h' to '/root/projects/third_lib/Poco/Timespan.h'
         Copying file 'D:\git\FFF\SLinux\Servers\third_lib\Poco\Timestamp.h' to '/root/projects/third_lib/Poco/Timestamp.h'
         Copying file 'D:\git\FFF\SLinux\Servers\third_lib\Poco\Timezone.h' to '/root/projects/third_lib/Poco/Timezone.h'
         Copying file 'D:\git\FFF\SLinux\Servers\third_lib\Poco\Token.h' to '/root/projects/third_lib/Poco/Token.h'
         Copying file 'D:\git\FFF\SLinux\Servers\third_lib\Poco\Tuple.h' to '/root/projects/third_lib/Poco/Tuple.h'
         Copying file 'D:\git\FFF\SLinux\Servers\third_lib\Poco\TypeList.h' to '/root/projects/third_lib/Poco/TypeList.h'
         Copying file 'D:\git\FFF\SLinux\Servers\third_lib\Poco\Types.h' to '/root/projects/third_lib/Poco/Types.h'
         Copying file 'D:\git\FFF\SLinux\Servers\third_lib\Poco\UnbufferedStreamBuf.h' to '/root/projects/third_lib/Poco/UnbufferedStreamBuf.h'
         Copying file 'D:\git\FFF\SLinux\Servers\third_lib\Poco\Unicode.h' to '/root/projects/third_lib/Poco/Unicode.h'
         Copying file 'D:\git\FFF\SLinux\Servers\third_lib\Poco\UnicodeConverter.h' to '/root/projects/third_lib/Poco/UnicodeConverter.h'
         Copying file 'D:\git\FFF\SLinux\Servers\third_lib\Poco\UniqueAccessExpireCache.h' to '/root/projects/third_lib/Poco/UniqueAccessExpireCache.h'
         Copying file 'D:\git\FFF\SLinux\Servers\third_lib\Poco\UniqueAccessExpireLRUCache.h' to '/root/projects/third_lib/Poco/UniqueAccessExpireLRUCache.h'
         Copying file 'D:\git\FFF\SLinux\Servers\third_lib\Poco\UniqueAccessExpireStrategy.h' to '/root/projects/third_lib/Poco/UniqueAccessExpireStrategy.h'
         Copying file 'D:\git\FFF\SLinux\Servers\third_lib\Poco\UniqueExpireCache.h' to '/root/projects/third_lib/Poco/UniqueExpireCache.h'
         Copying file 'D:\git\FFF\SLinux\Servers\third_lib\Poco\UniqueExpireLRUCache.h' to '/root/projects/third_lib/Poco/UniqueExpireLRUCache.h'
         Copying file 'D:\git\FFF\SLinux\Servers\third_lib\Poco\UniqueExpireStrategy.h' to '/root/projects/third_lib/Poco/UniqueExpireStrategy.h'
         Copying file 'D:\git\FFF\SLinux\Servers\third_lib\Poco\UnWindows.h' to '/root/projects/third_lib/Poco/UnWindows.h'
         Copying file 'D:\git\FFF\SLinux\Servers\third_lib\Poco\URI.h' to '/root/projects/third_lib/Poco/URI.h'
         Copying file 'D:\git\FFF\SLinux\Servers\third_lib\Poco\URIStreamFactory.h' to '/root/projects/third_lib/Poco/URIStreamFactory.h'
         Copying file 'D:\git\FFF\SLinux\Servers\third_lib\Poco\URIStreamOpener.h' to '/root/projects/third_lib/Poco/URIStreamOpener.h'
         Copying file 'D:\git\FFF\SLinux\Servers\third_lib\Poco\UTF16Encoding.h' to '/root/projects/third_lib/Poco/UTF16Encoding.h'
         Copying file 'D:\git\FFF\SLinux\Servers\third_lib\Poco\UTF32Encoding.h' to '/root/projects/third_lib/Poco/UTF32Encoding.h'
         Copying file 'D:\git\FFF\SLinux\Servers\third_lib\Poco\UTF8Encoding.h' to '/root/projects/third_lib/Poco/UTF8Encoding.h'
         Copying file 'D:\git\FFF\SLinux\Servers\third_lib\Poco\UTF8String.h' to '/root/projects/third_lib/Poco/UTF8String.h'
         Copying file 'D:\git\FFF\SLinux\Servers\third_lib\Poco\UTFString.h' to '/root/projects/third_lib/Poco/UTFString.h'
         Copying file 'D:\git\FFF\SLinux\Servers\third_lib\Poco\Util\AbstractConfiguration.h' to '/root/projects/third_lib/Poco/Util/AbstractConfiguration.h'
         Copying file 'D:\git\FFF\SLinux\Servers\third_lib\Poco\Util\Application.h' to '/root/projects/third_lib/Poco/Util/Application.h'
         Copying file 'D:\git\FFF\SLinux\Servers\third_lib\Poco\Util\ConfigurationMapper.h' to '/root/projects/third_lib/Poco/Util/ConfigurationMapper.h'
         Copying file 'D:\git\FFF\SLinux\Servers\third_lib\Poco\Util\ConfigurationView.h' to '/root/projects/third_lib/Poco/Util/ConfigurationView.h'
         Copying file 'D:\git\FFF\SLinux\Servers\third_lib\Poco\Util\FilesystemConfiguration.h' to '/root/projects/third_lib/Poco/Util/FilesystemConfiguration.h'
         Copying file 'D:\git\FFF\SLinux\Servers\third_lib\Poco\Util\HelpFormatter.h' to '/root/projects/third_lib/Poco/Util/HelpFormatter.h'
         Copying file 'D:\git\FFF\SLinux\Servers\third_lib\Poco\Util\IniFileConfiguration.h' to '/root/projects/third_lib/Poco/Util/IniFileConfiguration.h'
         Copying file 'D:\git\FFF\SLinux\Servers\third_lib\Poco\Util\IntValidator.h' to '/root/projects/third_lib/Poco/Util/IntValidator.h'
         Copying file 'D:\git\FFF\SLinux\Servers\third_lib\Poco\Util\JSONConfiguration.h' to '/root/projects/third_lib/Poco/Util/JSONConfiguration.h'
         Copying file 'D:\git\FFF\SLinux\Servers\third_lib\Poco\Util\LayeredConfiguration.h' to '/root/projects/third_lib/Poco/Util/LayeredConfiguration.h'
         Copying file 'D:\git\FFF\SLinux\Servers\third_lib\Poco\Util\LoggingConfigurator.h' to '/root/projects/third_lib/Poco/Util/LoggingConfigurator.h'
         Copying file 'D:\git\FFF\SLinux\Servers\third_lib\Poco\Util\LoggingSubsystem.h' to '/root/projects/third_lib/Poco/Util/LoggingSubsystem.h'
         Copying file 'D:\git\FFF\SLinux\Servers\third_lib\Poco\Util\MapConfiguration.h' to '/root/projects/third_lib/Poco/Util/MapConfiguration.h'
         Copying file 'D:\git\FFF\SLinux\Servers\third_lib\Poco\Util\Option.h' to '/root/projects/third_lib/Poco/Util/Option.h'
         Copying file 'D:\git\FFF\SLinux\Servers\third_lib\Poco\Util\OptionCallback.h' to '/root/projects/third_lib/Poco/Util/OptionCallback.h'
         Copying file 'D:\git\FFF\SLinux\Servers\third_lib\Poco\Util\OptionException.h' to '/root/projects/third_lib/Poco/Util/OptionException.h'
         Copying file 'D:\git\FFF\SLinux\Servers\third_lib\Poco\Util\OptionProcessor.h' to '/root/projects/third_lib/Poco/Util/OptionProcessor.h'
         Copying file 'D:\git\FFF\SLinux\Servers\third_lib\Poco\Util\OptionSet.h' to '/root/projects/third_lib/Poco/Util/OptionSet.h'
         Copying file 'D:\git\FFF\SLinux\Servers\third_lib\Poco\Util\PropertyFileConfiguration.h' to '/root/projects/third_lib/Poco/Util/PropertyFileConfiguration.h'
         Copying file 'D:\git\FFF\SLinux\Servers\third_lib\Poco\Util\RegExpValidator.h' to '/root/projects/third_lib/Poco/Util/RegExpValidator.h'
         Copying file 'D:\git\FFF\SLinux\Servers\third_lib\Poco\Util\ServerApplication.h' to '/root/projects/third_lib/Poco/Util/ServerApplication.h'
         Copying file 'D:\git\FFF\SLinux\Servers\third_lib\Poco\Util\Subsystem.h' to '/root/projects/third_lib/Poco/Util/Subsystem.h'
         Copying file 'D:\git\FFF\SLinux\Servers\third_lib\Poco\Util\SystemConfiguration.h' to '/root/projects/third_lib/Poco/Util/SystemConfiguration.h'
         Copying file 'D:\git\FFF\SLinux\Servers\third_lib\Poco\Util\Timer.h' to '/root/projects/third_lib/Poco/Util/Timer.h'
         Copying file 'D:\git\FFF\SLinux\Servers\third_lib\Poco\Util\TimerTask.h' to '/root/projects/third_lib/Poco/Util/TimerTask.h'
         Copying file 'D:\git\FFF\SLinux\Servers\third_lib\Poco\Util\TimerTaskAdapter.h' to '/root/projects/third_lib/Poco/Util/TimerTaskAdapter.h'
         Copying file 'D:\git\FFF\SLinux\Servers\third_lib\Poco\Util\Units.h' to '/root/projects/third_lib/Poco/Util/Units.h'
         Copying file 'D:\git\FFF\SLinux\Servers\third_lib\Poco\Util\Util.h' to '/root/projects/third_lib/Poco/Util/Util.h'
         Copying file 'D:\git\FFF\SLinux\Servers\third_lib\Poco\Util\Validator.h' to '/root/projects/third_lib/Poco/Util/Validator.h'
         Copying file 'D:\git\FFF\SLinux\Servers\third_lib\Poco\Util\WinRegistryConfiguration.h' to '/root/projects/third_lib/Poco/Util/WinRegistryConfiguration.h'
         Copying file 'D:\git\FFF\SLinux\Servers\third_lib\Poco\Util\WinRegistryKey.h' to '/root/projects/third_lib/Poco/Util/WinRegistryKey.h'
         Copying file 'D:\git\FFF\SLinux\Servers\third_lib\Poco\Util\WinService.h' to '/root/projects/third_lib/Poco/Util/WinService.h'
         Copying file 'D:\git\FFF\SLinux\Servers\third_lib\Poco\Util\XMLConfiguration.h' to '/root/projects/third_lib/Poco/Util/XMLConfiguration.h'
         Copying file 'D:\git\FFF\SLinux\Servers\third_lib\Poco\UUID.h' to '/root/projects/third_lib/Poco/UUID.h'
         Copying file 'D:\git\FFF\SLinux\Servers\third_lib\Poco\UUIDGenerator.h' to '/root/projects/third_lib/Poco/UUIDGenerator.h'
         Copying file 'D:\git\FFF\SLinux\Servers\third_lib\Poco\ValidArgs.h' to '/root/projects/third_lib/Poco/ValidArgs.h'
         Copying file 'D:\git\FFF\SLinux\Servers\third_lib\Poco\Version.h' to '/root/projects/third_lib/Poco/Version.h'
         Copying file 'D:\git\FFF\SLinux\Servers\third_lib\Poco\Void.h' to '/root/projects/third_lib/Poco/Void.h'
         Copying file 'D:\git\FFF\SLinux\Servers\third_lib\Poco\Windows1250Encoding.h' to '/root/projects/third_lib/Poco/Windows1250Encoding.h'
         Copying file 'D:\git\FFF\SLinux\Servers\third_lib\Poco\Windows1251Encoding.h' to '/root/projects/third_lib/Poco/Windows1251Encoding.h'
         Copying file 'D:\git\FFF\SLinux\Servers\third_lib\Poco\Windows1252Encoding.h' to '/root/projects/third_lib/Poco/Windows1252Encoding.h'
         Copying file 'D:\git\FFF\SLinux\Servers\third_lib\Poco\WindowsConsoleChannel.h' to '/root/projects/third_lib/Poco/WindowsConsoleChannel.h'
         Copying file 'D:\git\FFF\SLinux\Servers\third_lib\Poco\zconf.h' to '/root/projects/third_lib/Poco/zconf.h'
         Copying file 'D:\git\FFF\SLinux\Servers\third_lib\Poco\zlib.h' to '/root/projects/third_lib/Poco/zlib.h'
         Copying file 'D:\git\FFF\SLinux\Servers\third_lib\rapidjson\allocators.h' to '/root/projects/third_lib/rapidjson/allocators.h'
         Copying file 'D:\git\FFF\SLinux\Servers\third_lib\rapidjson\cursorstreamwrapper.h' to '/root/projects/third_lib/rapidjson/cursorstreamwrapper.h'
         Copying file 'D:\git\FFF\SLinux\Servers\third_lib\rapidjson\document.h' to '/root/projects/third_lib/rapidjson/document.h'
         Copying file 'D:\git\FFF\SLinux\Servers\third_lib\rapidjson\encodedstream.h' to '/root/projects/third_lib/rapidjson/encodedstream.h'
         Copying file 'D:\git\FFF\SLinux\Servers\third_lib\rapidjson\encodings.h' to '/root/projects/third_lib/rapidjson/encodings.h'
         Copying file 'D:\git\FFF\SLinux\Servers\third_lib\rapidjson\error\en.h' to '/root/projects/third_lib/rapidjson/error/en.h'
         Copying file 'D:\git\FFF\SLinux\Servers\third_lib\rapidjson\error\error.h' to '/root/projects/third_lib/rapidjson/error/error.h'
         Copying file 'D:\git\FFF\SLinux\Servers\third_lib\rapidjson\filereadstream.h' to '/root/projects/third_lib/rapidjson/filereadstream.h'
         Copying file 'D:\git\FFF\SLinux\Servers\third_lib\rapidjson\filewritestream.h' to '/root/projects/third_lib/rapidjson/filewritestream.h'
         Copying file 'D:\git\FFF\SLinux\Servers\third_lib\rapidjson\fwd.h' to '/root/projects/third_lib/rapidjson/fwd.h'
         Copying file 'D:\git\FFF\SLinux\Servers\third_lib\rapidjson\internal\biginteger.h' to '/root/projects/third_lib/rapidjson/internal/biginteger.h'
         Copying file 'D:\git\FFF\SLinux\Servers\third_lib\rapidjson\internal\diyfp.h' to '/root/projects/third_lib/rapidjson/internal/diyfp.h'
         Copying file 'D:\git\FFF\SLinux\Servers\third_lib\rapidjson\internal\dtoa.h' to '/root/projects/third_lib/rapidjson/internal/dtoa.h'
         Copying file 'D:\git\FFF\SLinux\Servers\third_lib\rapidjson\internal\ieee754.h' to '/root/projects/third_lib/rapidjson/internal/ieee754.h'
         Copying file 'D:\git\FFF\SLinux\Servers\third_lib\rapidjson\internal\itoa.h' to '/root/projects/third_lib/rapidjson/internal/itoa.h'
         Copying file 'D:\git\FFF\SLinux\Servers\third_lib\rapidjson\internal\meta.h' to '/root/projects/third_lib/rapidjson/internal/meta.h'
         Copying file 'D:\git\FFF\SLinux\Servers\third_lib\rapidjson\internal\pow10.h' to '/root/projects/third_lib/rapidjson/internal/pow10.h'
         Copying file 'D:\git\FFF\SLinux\Servers\third_lib\rapidjson\internal\regex.h' to '/root/projects/third_lib/rapidjson/internal/regex.h'
         Copying file 'D:\git\FFF\SLinux\Servers\third_lib\rapidjson\internal\stack.h' to '/root/projects/third_lib/rapidjson/internal/stack.h'
         Copying file 'D:\git\FFF\SLinux\Servers\third_lib\rapidjson\internal\strfunc.h' to '/root/projects/third_lib/rapidjson/internal/strfunc.h'
         Copying file 'D:\git\FFF\SLinux\Servers\third_lib\rapidjson\internal\strtod.h' to '/root/projects/third_lib/rapidjson/internal/strtod.h'
         Copying file 'D:\git\FFF\SLinux\Servers\third_lib\rapidjson\internal\swap.h' to '/root/projects/third_lib/rapidjson/internal/swap.h'
         Copying file 'D:\git\FFF\SLinux\Servers\third_lib\rapidjson\istreamwrapper.h' to '/root/projects/third_lib/rapidjson/istreamwrapper.h'
         Copying file 'D:\git\FFF\SLinux\Servers\third_lib\rapidjson\memorybuffer.h' to '/root/projects/third_lib/rapidjson/memorybuffer.h'
         Copying file 'D:\git\FFF\SLinux\Servers\third_lib\rapidjson\memorystream.h' to '/root/projects/third_lib/rapidjson/memorystream.h'
         Copying file 'D:\git\FFF\SLinux\Servers\third_lib\rapidjson\msinttypes\inttypes.h' to '/root/projects/third_lib/rapidjson/msinttypes/inttypes.h'
         Copying file 'D:\git\FFF\SLinux\Servers\third_lib\rapidjson\msinttypes\stdint.h' to '/root/projects/third_lib/rapidjson/msinttypes/stdint.h'
         Copying file 'D:\git\FFF\SLinux\Servers\third_lib\rapidjson\ostreamwrapper.h' to '/root/projects/third_lib/rapidjson/ostreamwrapper.h'
         Copying file 'D:\git\FFF\SLinux\Servers\third_lib\rapidjson\pointer.h' to '/root/projects/third_lib/rapidjson/pointer.h'
         Copying file 'D:\git\FFF\SLinux\Servers\third_lib\rapidjson\prettywriter.h' to '/root/projects/third_lib/rapidjson/prettywriter.h'
         Copying file 'D:\git\FFF\SLinux\Servers\third_lib\rapidjson\rapidjson.h' to '/root/projects/third_lib/rapidjson/rapidjson.h'
         Copying file 'D:\git\FFF\SLinux\Servers\third_lib\rapidjson\reader.h' to '/root/projects/third_lib/rapidjson/reader.h'
         Copying file 'D:\git\FFF\SLinux\Servers\third_lib\rapidjson\schema.h' to '/root/projects/third_lib/rapidjson/schema.h'
         Copying file 'D:\git\FFF\SLinux\Servers\third_lib\rapidjson\stream.h' to '/root/projects/third_lib/rapidjson/stream.h'
         Copying file 'D:\git\FFF\SLinux\Servers\third_lib\rapidjson\stringbuffer.h' to '/root/projects/third_lib/rapidjson/stringbuffer.h'
         Copying file 'D:\git\FFF\SLinux\Servers\third_lib\rapidjson\writer.h' to '/root/projects/third_lib/rapidjson/writer.h'
         Copying file 'D:\git\FFF\SLinux\Servers\third_lib\Rapidxml\rapidxml.hpp' to '/root/projects/third_lib/Rapidxml/rapidxml.hpp'
         Copying file 'D:\git\FFF\SLinux\Servers\third_lib\Rapidxml\rapidxml_iterators.hpp' to '/root/projects/third_lib/Rapidxml/rapidxml_iterators.hpp'
         Copying file 'D:\git\FFF\SLinux\Servers\third_lib\Rapidxml\rapidxml_print.hpp' to '/root/projects/third_lib/Rapidxml/rapidxml_print.hpp'
         Copying file 'D:\git\FFF\SLinux\Servers\third_lib\Rapidxml\rapidxml_utils.hpp' to '/root/projects/third_lib/Rapidxml/rapidxml_utils.hpp'
     1>D:\Program Files (x86)\Microsoft Visual Studio\2017\Community\Common7\IDE\VC\VCTargets\Application Type\Linux\1.0\Linux.Makefile.Targets(128,5): warning : Build command not configured. Skipping...
     1>D:\Program Files (x86)\Microsoft Visual Studio\2017\Community\Common7\IDE\VC\VCTargets\Application Type\Linux\1.0\Linux.Makefile.Targets(130,5): warning : Remote build command not configured. Skipping...
     1>已完成生成项目“D:\git\FFF\SLinux\Servers\third_lib\third_lib.vcxproj”(Build 个目标)的操作。
